17:01:27 INFO  : Processing command line option -hwspec D:/duc/freelancer/8_2015/Moore_Voting/Moore_Voting.sdk/SDK/SDK_Export/hw/system.xml.
17:02:17 INFO  : No changes in MSS file content so not generating sources.
17:59:24 INFO  : FPGA configured successfully with bitstream "D:/duc/freelancer/8_2015/Moore_Voting/Moore_Voting.sdk/SDK/SDK_Export/hw_platform_0/system_wrapper.bit"
18:00:06 INFO  : ps7_init is completed.
18:00:07 INFO  : ps7_post_config is completed.
18:00:07 INFO  : Processor reset is completed for ps7_cortexa9_0
18:01:20 INFO  : Processor reset is completed for ps7_cortexa9_0
18:02:26 INFO  : Processor reset is completed for ps7_cortexa9_0
18:02:51 INFO  : Processor reset is completed for ps7_cortexa9_0
18:03:22 INFO  : Processor reset is completed for ps7_cortexa9_0
18:04:57 INFO  : Processor reset is completed for ps7_cortexa9_0
18:05:23 INFO  : Processor reset is completed for ps7_cortexa9_0
18:05:36 INFO  : Processor reset is completed for ps7_cortexa9_0
18:06:03 INFO  : FPGA configured successfully with bitstream "D:/duc/freelancer/8_2015/Moore_Voting/Moore_Voting.sdk/SDK/SDK_Export/hw_platform_0/system_wrapper.bit"
18:06:36 INFO  : ps7_init is completed.
18:06:36 INFO  : ps7_post_config is completed.
18:06:36 INFO  : Processor reset is completed for ps7_cortexa9_0
18:07:12 INFO  : Processor reset is completed for ps7_cortexa9_0
18:07:59 INFO  : FPGA configured successfully with bitstream "D:/duc/freelancer/8_2015/Moore_Voting/Moore_Voting.sdk/SDK/SDK_Export/hw_platform_0/system_wrapper.bit"
18:08:07 INFO  : ps7_init is completed.
18:08:07 INFO  : ps7_post_config is completed.
18:08:08 INFO  : Processor reset is completed for ps7_cortexa9_0
20:08:10 ERROR : Unexpected error while fetching XMD's response: 
java.net.SocketException: Connection reset
	at java.net.SocketInputStream.read(SocketInputStream.java:196)
	at java.net.SocketInputStream.read(SocketInputStream.java:122)
	at sun.nio.cs.StreamDecoder.readBytes(StreamDecoder.java:283)
	at sun.nio.cs.StreamDecoder.implRead(StreamDecoder.java:325)
	at sun.nio.cs.StreamDecoder.read(StreamDecoder.java:177)
	at java.io.InputStreamReader.read(InputStreamReader.java:184)
	at java.io.BufferedReader.fill(BufferedReader.java:154)
	at java.io.BufferedReader.read(BufferedReader.java:175)
	at com.xilinx.sdk.targetmanager.internal.json.XMDJSONProcess$CommandResultsReader.run(XMDJSONProcess.java:328)
	at java.lang.Thread.run(Thread.java:724)
20:08:10 ERROR : Zero sized response read from XMD. This indicates a communication error or a programming error.
09:00:14 INFO  : Processing command line option -hwspec D:/duc/freelancer/8_2015/Moore_Voting_v2/Moore_Voting.sdk/SDK/SDK_Export/hw/system.xml.
09:00:24 INFO  : The hardware specification for project 'hw_platform_0' is different from D:/duc/freelancer/8_2015/Moore_Voting_v2/Moore_Voting.sdk/SDK/SDK_Export/hw/system.xml.
09:00:24 INFO  : Copied contents of D:/duc/freelancer/8_2015/Moore_Voting_v2/Moore_Voting.sdk/SDK/SDK_Export/hw/system.xml into \hw_platform_0\system.xml.
09:00:25 INFO  : Updating .bit and .bmm files from XPS's export folder.
09:00:55 INFO  : Copied contents of D:\duc\freelancer\8_2015\Moore_Voting_v2\Moore_Voting.sdk\SDK\SDK_Export\hw\system_wrapper.bit into \hw_platform_0\system_wrapper.bit.
09:00:55 INFO  : Copied contents of D:\duc\freelancer\8_2015\Moore_Voting_v2\Moore_Voting.sdk\SDK\SDK_Export\hw\system_wrapper_bd.bmm into \hw_platform_0\system_wrapper_bd.bmm.
09:00:55 INFO  : Copied contents of D:\duc\freelancer\8_2015\Moore_Voting_v2\Moore_Voting.sdk\SDK\SDK_Export\hw\system_wrapper.bit into \hw_platform_0\system_wrapper.bit.
09:00:55 INFO  : Copied contents of D:\duc\freelancer\8_2015\Moore_Voting_v2\Moore_Voting.sdk\SDK\SDK_Export\hw\system_wrapper_bd.bmm into \hw_platform_0\system_wrapper_bd.bmm.
09:01:49 INFO  : Copied contents of D:\duc\freelancer\8_2015\Moore_Voting_v2\Moore_Voting.sdk\SDK\SDK_Export\hw\ps7_init.c into \hw_platform_0\ps7_init.c.
09:01:49 INFO  : Copied contents of D:\duc\freelancer\8_2015\Moore_Voting_v2\Moore_Voting.sdk\SDK\SDK_Export\hw\ps7_init.h into \hw_platform_0\ps7_init.h.
09:01:49 INFO  : Copied contents of D:\duc\freelancer\8_2015\Moore_Voting_v2\Moore_Voting.sdk\SDK\SDK_Export\hw\ps7_init.html into \hw_platform_0\ps7_init.html.
09:01:49 INFO  : Copied contents of D:\duc\freelancer\8_2015\Moore_Voting_v2\Moore_Voting.sdk\SDK\SDK_Export\hw\ps7_init.tcl into \hw_platform_0\ps7_init.tcl.
09:01:50 INFO  : Synchronizing projects in the workspace with the hardware platform specification changes.
09:02:17 INFO  : 
09:02:18 INFO  : 
09:02:20 INFO  : Updating hardware inferred compiler options for Moore_Voting.
09:02:20 INFO  : Clearing existing target manager status.
09:02:25 INFO  : Workspace synchronized with the new hardware specification file. Cleaning dependent projects...
09:04:55 INFO  : FPGA configured successfully with bitstream "D:/duc/freelancer/8_2015/Moore_Voting_v2/Moore_Voting.sdk/SDK/SDK_Export/hw_platform_0/system_wrapper.bit"
09:05:12 INFO  : FPGA configured successfully with bitstream "D:/duc/freelancer/8_2015/Moore_Voting_v2/Moore_Voting.sdk/SDK/SDK_Export/hw_platform_0/system_wrapper.bit"
09:05:16 WARN  :  [Hsm 55-1559] Software Design already exists with Name D:\duc\freelancer\8_2015\Moore_Voting\Moore_Voting.sdk\SDK\SDK_Export\Moore_Voting_bsp\system.mss

09:05:16 WARN  :  [Hsm 55-1559] Software Design already exists with Name D:\duc\freelancer\8_2015\Moore_Voting\Moore_Voting.sdk\SDK\SDK_Export\Moore_Voting_bsp\system.mss

09:05:16 WARN  :  [Hsm 55-1559] Software Design already exists with Name D:\duc\freelancer\8_2015\Moore_Voting\Moore_Voting.sdk\SDK\SDK_Export\Moore_Voting_bsp\system.mss

09:05:23 WARN  :  [Hsm 55-1559] Software Design already exists with Name D:\duc\freelancer\8_2015\Moore_Voting\Moore_Voting.sdk\SDK\SDK_Export\Moore_Voting_bsp\system.mss

09:05:23 WARN  :  [Hsm 55-1559] Software Design already exists with Name D:\duc\freelancer\8_2015\Moore_Voting\Moore_Voting.sdk\SDK\SDK_Export\Moore_Voting_bsp\system.mss

09:05:23 WARN  :  [Hsm 55-1559] Software Design already exists with Name D:\duc\freelancer\8_2015\Moore_Voting\Moore_Voting.sdk\SDK\SDK_Export\Moore_Voting_bsp\system.mss

09:05:31 INFO  : ps7_init is completed.
09:05:31 INFO  : ps7_post_config is completed.
09:05:31 INFO  : Processor reset is completed for ps7_cortexa9_0
09:05:38 WARN  :  [Hsm 55-1559] Software Design already exists with Name D:\duc\freelancer\8_2015\Moore_Voting\Moore_Voting.sdk\SDK\SDK_Export\Moore_Voting_bsp\system.mss

09:05:38 WARN  :  [Hsm 55-1559] Software Design already exists with Name D:\duc\freelancer\8_2015\Moore_Voting\Moore_Voting.sdk\SDK\SDK_Export\Moore_Voting_bsp\system.mss

09:05:38 WARN  :  [Hsm 55-1559] Software Design already exists with Name D:\duc\freelancer\8_2015\Moore_Voting\Moore_Voting.sdk\SDK\SDK_Export\Moore_Voting_bsp\system.mss

09:05:38 WARN  :  [Hsm 55-1559] Software Design already exists with Name D:\duc\freelancer\8_2015\Moore_Voting\Moore_Voting.sdk\SDK\SDK_Export\Moore_Voting_bsp\system.mss

09:05:38 WARN  :  [Hsm 55-1559] Software Design already exists with Name D:\duc\freelancer\8_2015\Moore_Voting\Moore_Voting.sdk\SDK\SDK_Export\Moore_Voting_bsp\system.mss

09:05:38 WARN  :  [Hsm 55-1559] Software Design already exists with Name D:\duc\freelancer\8_2015\Moore_Voting\Moore_Voting.sdk\SDK\SDK_Export\Moore_Voting_bsp\system.mss

09:05:38 WARN  :  [Hsm 55-1559] Software Design already exists with Name D:\duc\freelancer\8_2015\Moore_Voting\Moore_Voting.sdk\SDK\SDK_Export\Moore_Voting_bsp\system.mss

09:05:38 WARN  :  [Hsm 55-1559] Software Design already exists with Name D:\duc\freelancer\8_2015\Moore_Voting\Moore_Voting.sdk\SDK\SDK_Export\Moore_Voting_bsp\system.mss

09:05:38 WARN  :  [Hsm 55-1559] Software Design already exists with Name D:\duc\freelancer\8_2015\Moore_Voting\Moore_Voting.sdk\SDK\SDK_Export\Moore_Voting_bsp\system.mss

09:06:01 WARN  :  [Hsm 55-1559] Software Design already exists with Name D:\duc\freelancer\8_2015\Moore_Voting\Moore_Voting.sdk\SDK\SDK_Export\Moore_Voting_bsp\system.mss

09:06:01 WARN  :  [Hsm 55-1559] Software Design already exists with Name D:\duc\freelancer\8_2015\Moore_Voting\Moore_Voting.sdk\SDK\SDK_Export\Moore_Voting_bsp\system.mss

09:06:01 WARN  :  [Hsm 55-1559] Software Design already exists with Name D:\duc\freelancer\8_2015\Moore_Voting\Moore_Voting.sdk\SDK\SDK_Export\Moore_Voting_bsp\system.mss

09:06:08 INFO  : Processor reset is completed for ps7_cortexa9_0
09:07:32 WARN  :  [Hsm 55-1559] Software Design already exists with Name D:\duc\freelancer\8_2015\Moore_Voting\Moore_Voting.sdk\SDK\SDK_Export\Moore_Voting_bsp\system.mss

09:07:32 WARN  :  [Hsm 55-1559] Software Design already exists with Name D:\duc\freelancer\8_2015\Moore_Voting\Moore_Voting.sdk\SDK\SDK_Export\Moore_Voting_bsp\system.mss

09:07:32 WARN  :  [Hsm 55-1559] Software Design already exists with Name D:\duc\freelancer\8_2015\Moore_Voting\Moore_Voting.sdk\SDK\SDK_Export\Moore_Voting_bsp\system.mss

09:08:24 INFO  : Processor reset is completed for ps7_cortexa9_0
09:09:12 INFO  : ps7_cortexa9_0 Processor is in use. Please stop existing Run or Debug sessions before launching.
09:09:15 INFO  : Processor reset is completed for ps7_cortexa9_0
09:16:50 INFO  : FPGA configured successfully with bitstream "D:/duc/freelancer/8_2015/Moore_Voting_v2/Moore_Voting.sdk/SDK/SDK_Export/hw_platform_0/system_wrapper.bit"
09:16:53 WARN  :  [Hsm 55-1559] Software Design already exists with Name D:\duc\freelancer\8_2015\Moore_Voting\Moore_Voting.sdk\SDK\SDK_Export\Moore_Voting_bsp\system.mss

09:16:53 WARN  :  [Hsm 55-1559] Software Design already exists with Name D:\duc\freelancer\8_2015\Moore_Voting\Moore_Voting.sdk\SDK\SDK_Export\Moore_Voting_bsp\system.mss

09:16:53 WARN  :  [Hsm 55-1559] Software Design already exists with Name D:\duc\freelancer\8_2015\Moore_Voting\Moore_Voting.sdk\SDK\SDK_Export\Moore_Voting_bsp\system.mss

09:16:53 WARN  :  [Hsm 55-1559] Software Design already exists with Name D:\duc\freelancer\8_2015\Moore_Voting\Moore_Voting.sdk\SDK\SDK_Export\Moore_Voting_bsp\system.mss

09:16:53 WARN  :  [Hsm 55-1559] Software Design already exists with Name D:\duc\freelancer\8_2015\Moore_Voting\Moore_Voting.sdk\SDK\SDK_Export\Moore_Voting_bsp\system.mss

09:16:53 WARN  :  [Hsm 55-1559] Software Design already exists with Name D:\duc\freelancer\8_2015\Moore_Voting\Moore_Voting.sdk\SDK\SDK_Export\Moore_Voting_bsp\system.mss

09:16:53 WARN  :  [Hsm 55-1559] Software Design already exists with Name D:\duc\freelancer\8_2015\Moore_Voting\Moore_Voting.sdk\SDK\SDK_Export\Moore_Voting_bsp\system.mss

09:16:53 WARN  :  [Hsm 55-1559] Software Design already exists with Name D:\duc\freelancer\8_2015\Moore_Voting\Moore_Voting.sdk\SDK\SDK_Export\Moore_Voting_bsp\system.mss

09:16:53 WARN  :  [Hsm 55-1559] Software Design already exists with Name D:\duc\freelancer\8_2015\Moore_Voting\Moore_Voting.sdk\SDK\SDK_Export\Moore_Voting_bsp\system.mss

09:17:01 WARN  :  [Hsm 55-1559] Software Design already exists with Name D:\duc\freelancer\8_2015\Moore_Voting\Moore_Voting.sdk\SDK\SDK_Export\Moore_Voting_bsp\system.mss

09:17:01 WARN  :  [Hsm 55-1559] Software Design already exists with Name D:\duc\freelancer\8_2015\Moore_Voting\Moore_Voting.sdk\SDK\SDK_Export\Moore_Voting_bsp\system.mss

09:17:01 WARN  :  [Hsm 55-1559] Software Design already exists with Name D:\duc\freelancer\8_2015\Moore_Voting\Moore_Voting.sdk\SDK\SDK_Export\Moore_Voting_bsp\system.mss

09:17:08 INFO  : ps7_init is completed.
09:17:08 INFO  : ps7_post_config is completed.
09:17:09 INFO  : Processor reset is completed for ps7_cortexa9_0
09:24:51 INFO  : Processor reset is completed for ps7_cortexa9_0
09:26:09 INFO  : ps7_cortexa9_0 Processor is in use. Please stop existing Run or Debug sessions before launching.
09:26:11 INFO  : Processor reset is completed for ps7_cortexa9_0
09:27:53 INFO  : Processor reset is completed for ps7_cortexa9_0
09:28:32 INFO  : ps7_cortexa9_0 Processor is in use. Please stop existing Run or Debug sessions before launching.
09:28:35 INFO  : Processor reset is completed for ps7_cortexa9_0
09:29:36 INFO  : ps7_cortexa9_0 Processor is in use. Please stop existing Run or Debug sessions before launching.
09:29:39 INFO  : Processor reset is completed for ps7_cortexa9_0
09:33:39 INFO  : Processor reset is completed for ps7_cortexa9_0
11:33:55 ERROR : Unexpected error while fetching XMD's response: 
java.net.SocketException: Connection reset
	at java.net.SocketInputStream.read(SocketInputStream.java:196)
	at java.net.SocketInputStream.read(SocketInputStream.java:122)
	at sun.nio.cs.StreamDecoder.readBytes(StreamDecoder.java:283)
	at sun.nio.cs.StreamDecoder.implRead(StreamDecoder.java:325)
	at sun.nio.cs.StreamDecoder.read(StreamDecoder.java:177)
	at java.io.InputStreamReader.read(InputStreamReader.java:184)
	at java.io.BufferedReader.fill(BufferedReader.java:154)
	at java.io.BufferedReader.read(BufferedReader.java:175)
	at com.xilinx.sdk.targetmanager.internal.json.XMDJSONProcess$CommandResultsReader.run(XMDJSONProcess.java:328)
	at java.lang.Thread.run(Thread.java:724)
11:33:56 ERROR : Zero sized response read from XMD. This indicates a communication error or a programming error.
11:59:06 INFO  : Project hw_platform_0's source hardware specification located at D:/duc/freelancer/8_2015/Moore_Voting_v2/Moore_Voting.sdk/SDK/SDK_Export/hw/system.xml is now different from the local copy.
		 The local copy will be replaced with the source specification and your workspace will be updated.
11:59:19 INFO  : Copied contents of D:/duc/freelancer/8_2015/Moore_Voting_v2/Moore_Voting.sdk/SDK/SDK_Export/hw/system.xml into \hw_platform_0\system.xml.
12:00:00 INFO  : Copied contents of D:\duc\freelancer\8_2015\Moore_Voting_v2\Moore_Voting.sdk\SDK\SDK_Export\hw\system_wrapper.bit into \hw_platform_0\system_wrapper.bit.
12:00:00 INFO  : Copied contents of D:\duc\freelancer\8_2015\Moore_Voting_v2\Moore_Voting.sdk\SDK\SDK_Export\hw\system_wrapper_bd.bmm into \hw_platform_0\system_wrapper_bd.bmm.
12:00:38 INFO  : Copied contents of D:\duc\freelancer\8_2015\Moore_Voting_v2\Moore_Voting.sdk\SDK\SDK_Export\hw\ps7_init.c into \hw_platform_0\ps7_init.c.
12:00:38 INFO  : Copied contents of D:\duc\freelancer\8_2015\Moore_Voting_v2\Moore_Voting.sdk\SDK\SDK_Export\hw\ps7_init.h into \hw_platform_0\ps7_init.h.
12:00:38 INFO  : Copied contents of D:\duc\freelancer\8_2015\Moore_Voting_v2\Moore_Voting.sdk\SDK\SDK_Export\hw\ps7_init.html into \hw_platform_0\ps7_init.html.
12:00:38 INFO  : Copied contents of D:\duc\freelancer\8_2015\Moore_Voting_v2\Moore_Voting.sdk\SDK\SDK_Export\hw\ps7_init.tcl into \hw_platform_0\ps7_init.tcl.
12:00:40 INFO  : Synchronizing projects in the workspace with the hardware platform specification changes.
12:01:23 INFO  : 
12:01:25 INFO  : 
12:01:27 INFO  : Updating hardware inferred compiler options for Moore_Voting.
12:01:27 INFO  : Clearing existing target manager status.
12:01:27 INFO  : Workspace synchronized with the new hardware specification file. Cleaning dependent projects...
12:04:08 ERROR : Unexpected error while issuing command {"command": "xload hw D:/duc/freelancer/8_2015/Moore_Voting_v2/Moore_Voting.sdk/SDK/SDK_Export/hw_platform_0/system.xml"} to XMD: java.net.SocketException: Connection reset by peer: socket write error
12:04:19 ERROR : Unexpected error while issuing command {"command": "xload hw D:/duc/freelancer/8_2015/Moore_Voting_v2/Moore_Voting.sdk/SDK/SDK_Export/hw_platform_0/system.xml"} to XMD: java.net.SocketException: Connection reset by peer: socket write error
12:04:23 ERROR : Unexpected error while issuing command {"command": "xload hw D:/duc/freelancer/8_2015/Moore_Voting_v2/Moore_Voting.sdk/SDK/SDK_Export/hw_platform_0/system.xml"} to XMD: java.net.SocketException: Connection reset by peer: socket write error
12:05:12 INFO  : Processing command line option -hwspec D:/duc/freelancer/8_2015/Moore_Voting_v2/Moore_Voting.sdk/SDK/SDK_Export/hw/system.xml.
12:06:23 INFO  : FPGA configured successfully with bitstream "D:/duc/freelancer/8_2015/Moore_Voting_v2/Moore_Voting.sdk/SDK/SDK_Export/hw_platform_0/system_wrapper.bit"
12:07:25 INFO  : ps7_init is completed.
12:07:25 INFO  : ps7_post_config is completed.
12:07:26 INFO  : Processor reset is completed for ps7_cortexa9_0
12:08:47 INFO  : Processor reset is completed for ps7_cortexa9_0
12:10:07 INFO  : Processor reset is completed for ps7_cortexa9_0
12:13:09 INFO  : FPGA configured successfully with bitstream "D:/duc/freelancer/8_2015/Moore_Voting_v2/Moore_Voting.sdk/SDK/SDK_Export/hw_platform_0/system_wrapper.bit"
12:13:30 WARN  :  [Hsm 55-1559] Software Design already exists with Name D:\duc\freelancer\8_2015\Moore_Voting\Moore_Voting.sdk\SDK\SDK_Export\Moore_Voting_bsp\system.mss

12:13:30 WARN  :  [Hsm 55-1559] Software Design already exists with Name D:\duc\freelancer\8_2015\Moore_Voting\Moore_Voting.sdk\SDK\SDK_Export\Moore_Voting_bsp\system.mss

12:13:35 WARN  :  [Hsm 55-1559] Software Design already exists with Name D:\duc\freelancer\8_2015\Moore_Voting\Moore_Voting.sdk\SDK\SDK_Export\Moore_Voting_bsp\system.mss

12:13:35 WARN  :  [Hsm 55-1559] Software Design already exists with Name D:\duc\freelancer\8_2015\Moore_Voting\Moore_Voting.sdk\SDK\SDK_Export\Moore_Voting_bsp\system.mss

12:13:35 WARN  :  [Hsm 55-1559] Software Design already exists with Name D:\duc\freelancer\8_2015\Moore_Voting\Moore_Voting.sdk\SDK\SDK_Export\Moore_Voting_bsp\system.mss

12:13:46 INFO  : ps7_init is completed.
12:13:46 INFO  : ps7_post_config is completed.
12:13:46 INFO  : Processor reset is completed for ps7_cortexa9_0
12:25:44 ERROR : Checking FPGA configuration failed..Connection to Board Failed


    Unknown Error Occured
    Cable is not connected to the host

12:25:44 ERROR : Unexpected error while launching program.
com.xilinx.sdk.targetmanager.TMException: Connection to Board Failed


    Unknown Error Occured
    Cable is not connected to the host

	at com.xilinx.sdk.targetmanager.internal.TM.isFPGAConfigured(TM.java:379)
	at com.xilinx.sdk.debug.core.XilinxAppLaunchConfigurationDelegate.isFpgaConfigured(XilinxAppLaunchConfigurationDelegate.java:296)
	at com.xilinx.sdk.debug.core.XilinxAppLaunchConfigurationDelegate.launch(XilinxAppLaunchConfigurationDelegate.java:244)
	at com.xilinx.sdk.debug.ui.XilinxAppLaunchDelegateWrapper.launch(XilinxAppLaunchDelegateWrapper.java:31)
	at org.eclipse.debug.internal.core.LaunchConfiguration.launch(LaunchConfiguration.java:855)
	at org.eclipse.debug.internal.core.LaunchConfiguration.launch(LaunchConfiguration.java:704)
	at org.eclipse.debug.internal.ui.DebugUIPlugin.buildAndLaunch(DebugUIPlugin.java:1047)
	at org.eclipse.debug.internal.ui.DebugUIPlugin$8.run(DebugUIPlugin.java:1251)
	at org.eclipse.core.internal.jobs.Worker.run(Worker.java:54)
12:26:14 INFO  : FPGA configured successfully with bitstream "D:/duc/freelancer/8_2015/Moore_Voting_v2/Moore_Voting.sdk/SDK/SDK_Export/hw_platform_0/system_wrapper.bit"
12:26:25 INFO  : ps7_init is completed.
12:26:25 INFO  : ps7_post_config is completed.
12:26:25 INFO  : Processor reset is completed for ps7_cortexa9_0
12:32:11 INFO  : Processor reset is completed for ps7_cortexa9_0
12:35:29 INFO  : Processor reset is completed for ps7_cortexa9_0
12:37:00 INFO  : Processor reset is completed for ps7_cortexa9_0
12:43:33 ERROR : Checking FPGA configuration failed..Connection to Board Failed


    Unknown Error Occured
    Cable is not connected to the host

12:43:33 ERROR : Unexpected error while launching program.
com.xilinx.sdk.targetmanager.TMException: Connection to Board Failed


    Unknown Error Occured
    Cable is not connected to the host

	at com.xilinx.sdk.targetmanager.internal.TM.isFPGAConfigured(TM.java:379)
	at com.xilinx.sdk.debug.core.XilinxAppLaunchConfigurationDelegate.isFpgaConfigured(XilinxAppLaunchConfigurationDelegate.java:296)
	at com.xilinx.sdk.debug.core.XilinxAppLaunchConfigurationDelegate.launch(XilinxAppLaunchConfigurationDelegate.java:244)
	at com.xilinx.sdk.debug.ui.XilinxAppLaunchDelegateWrapper.launch(XilinxAppLaunchDelegateWrapper.java:31)
	at org.eclipse.debug.internal.core.LaunchConfiguration.launch(LaunchConfiguration.java:855)
	at org.eclipse.debug.internal.core.LaunchConfiguration.launch(LaunchConfiguration.java:704)
	at org.eclipse.debug.internal.ui.DebugUIPlugin.buildAndLaunch(DebugUIPlugin.java:1047)
	at org.eclipse.debug.internal.ui.DebugUIPlugin$8.run(DebugUIPlugin.java:1251)
	at org.eclipse.core.internal.jobs.Worker.run(Worker.java:54)
12:43:40 ERROR : Unexpected error while fetching XMD's response: 
java.net.SocketException: Connection reset
	at java.net.SocketInputStream.read(SocketInputStream.java:196)
	at java.net.SocketInputStream.read(SocketInputStream.java:122)
	at sun.nio.cs.StreamDecoder.readBytes(StreamDecoder.java:283)
	at sun.nio.cs.StreamDecoder.implRead(StreamDecoder.java:325)
	at sun.nio.cs.StreamDecoder.read(StreamDecoder.java:177)
	at java.io.InputStreamReader.read(InputStreamReader.java:184)
	at java.io.BufferedReader.fill(BufferedReader.java:154)
	at java.io.BufferedReader.read(BufferedReader.java:175)
	at com.xilinx.sdk.targetmanager.internal.json.XMDJSONProcess$CommandResultsReader.run(XMDJSONProcess.java:328)
	at java.lang.Thread.run(Thread.java:724)
12:43:40 ERROR : Zero sized response read from XMD. This indicates a communication error or a programming error.
12:43:42 ERROR : Unexpected error while issuing command {"command": "xconnect arm hw -cable type xilinx_tcf url TCP:127.0.0.1:3121"} to XMD: java.net.SocketException: Connection reset by peer: socket write error
12:43:46 ERROR : Unexpected error while issuing command {"command": "xconnect arm hw -cable type xilinx_tcf url TCP:127.0.0.1:3121"} to XMD: java.net.SocketException: Connection reset by peer: socket write error
12:43:54 ERROR : Unexpected error while issuing command {"command": "xconnect arm hw -cable type xilinx_tcf url TCP:127.0.0.1:3121"} to XMD: java.net.SocketException: Connection reset by peer: socket write error
12:44:15 INFO  : Processing command line option -hwspec D:/duc/freelancer/8_2015/Moore_Voting_v2/Moore_Voting.sdk/SDK/SDK_Export/hw/system.xml.
12:44:52 INFO  : FPGA configured successfully with bitstream "D:/duc/freelancer/8_2015/Moore_Voting_v2/Moore_Voting.sdk/SDK/SDK_Export/hw_platform_0/system_wrapper.bit"
12:45:01 WARN  :  [Hsm 55-1559] Software Design already exists with Name D:\duc\freelancer\8_2015\Moore_Voting\Moore_Voting.sdk\SDK\SDK_Export\Moore_Voting_bsp\system.mss

12:45:01 WARN  :  [Hsm 55-1559] Software Design already exists with Name D:\duc\freelancer\8_2015\Moore_Voting\Moore_Voting.sdk\SDK\SDK_Export\Moore_Voting_bsp\system.mss

12:45:05 WARN  :  [Hsm 55-1559] Software Design already exists with Name D:\duc\freelancer\8_2015\Moore_Voting\Moore_Voting.sdk\SDK\SDK_Export\Moore_Voting_bsp\system.mss

12:45:05 WARN  :  [Hsm 55-1559] Software Design already exists with Name D:\duc\freelancer\8_2015\Moore_Voting\Moore_Voting.sdk\SDK\SDK_Export\Moore_Voting_bsp\system.mss

12:45:05 WARN  :  [Hsm 55-1559] Software Design already exists with Name D:\duc\freelancer\8_2015\Moore_Voting\Moore_Voting.sdk\SDK\SDK_Export\Moore_Voting_bsp\system.mss

12:45:14 WARN  :  [Hsm 55-1559] Software Design already exists with Name D:\duc\freelancer\8_2015\Moore_Voting\Moore_Voting.sdk\SDK\SDK_Export\Moore_Voting_bsp\system.mss

12:45:14 WARN  :  [Hsm 55-1559] Software Design already exists with Name D:\duc\freelancer\8_2015\Moore_Voting\Moore_Voting.sdk\SDK\SDK_Export\Moore_Voting_bsp\system.mss

12:45:14 WARN  :  [Hsm 55-1559] Software Design already exists with Name D:\duc\freelancer\8_2015\Moore_Voting\Moore_Voting.sdk\SDK\SDK_Export\Moore_Voting_bsp\system.mss

12:45:15 WARN  :  [Hsm 55-1559] Software Design already exists with Name D:\duc\freelancer\8_2015\Moore_Voting\Moore_Voting.sdk\SDK\SDK_Export\Moore_Voting_bsp\system.mss

12:45:15 WARN  :  [Hsm 55-1559] Software Design already exists with Name D:\duc\freelancer\8_2015\Moore_Voting\Moore_Voting.sdk\SDK\SDK_Export\Moore_Voting_bsp\system.mss

12:45:15 WARN  :  [Hsm 55-1559] Software Design already exists with Name D:\duc\freelancer\8_2015\Moore_Voting\Moore_Voting.sdk\SDK\SDK_Export\Moore_Voting_bsp\system.mss

12:45:19 WARN  :  [Hsm 55-1559] Software Design already exists with Name D:\duc\freelancer\8_2015\Moore_Voting\Moore_Voting.sdk\SDK\SDK_Export\Moore_Voting_bsp\system.mss

12:45:19 WARN  :  [Hsm 55-1559] Software Design already exists with Name D:\duc\freelancer\8_2015\Moore_Voting\Moore_Voting.sdk\SDK\SDK_Export\Moore_Voting_bsp\system.mss

12:45:20 WARN  :  [Hsm 55-1559] Software Design already exists with Name D:\duc\freelancer\8_2015\Moore_Voting\Moore_Voting.sdk\SDK\SDK_Export\Moore_Voting_bsp\system.mss

12:45:31 INFO  : ps7_init is completed.
12:45:31 INFO  : ps7_post_config is completed.
12:45:31 INFO  : Processor reset is completed for ps7_cortexa9_0
12:46:10 INFO  : Processor reset is completed for ps7_cortexa9_0
12:47:04 INFO  : Processor reset is completed for ps7_cortexa9_0
12:48:20 INFO  : Processor reset is completed for ps7_cortexa9_0
12:57:01 ERROR : Unexpected error while parsing XMD response ?: com.google.gson.JsonSyntaxException: com.google.gson.stream.MalformedJsonException: invalid number or unquoted string near 
14:43:39 INFO  : Processing command line option -hwspec D:/duc/freelancer/8_2015/Moore/Moore_Voting_v3/Moore_Voting.sdk/SDK/SDK_Export/hw/system.xml.
14:43:42 INFO  : The hardware specification for project 'hw_platform_0' is different from D:/duc/freelancer/8_2015/Moore/Moore_Voting_v3/Moore_Voting.sdk/SDK/SDK_Export/hw/system.xml.
14:43:42 INFO  : Copied contents of D:/duc/freelancer/8_2015/Moore/Moore_Voting_v3/Moore_Voting.sdk/SDK/SDK_Export/hw/system.xml into \hw_platform_0\system.xml.
14:43:44 INFO  : Updating .bit and .bmm files from XPS's export folder.
14:44:24 INFO  : Copied contents of D:\duc\freelancer\8_2015\Moore\Moore_Voting_v3\Moore_Voting.sdk\SDK\SDK_Export\hw\system_wrapper.bit into \hw_platform_0\system_wrapper.bit.
14:44:24 INFO  : Copied contents of D:\duc\freelancer\8_2015\Moore\Moore_Voting_v3\Moore_Voting.sdk\SDK\SDK_Export\hw\system_wrapper_bd.bmm into \hw_platform_0\system_wrapper_bd.bmm.
14:44:24 INFO  : Copied contents of D:\duc\freelancer\8_2015\Moore\Moore_Voting_v3\Moore_Voting.sdk\SDK\SDK_Export\hw\system_wrapper.bit into \hw_platform_0\system_wrapper.bit.
14:44:24 INFO  : Copied contents of D:\duc\freelancer\8_2015\Moore\Moore_Voting_v3\Moore_Voting.sdk\SDK\SDK_Export\hw\system_wrapper_bd.bmm into \hw_platform_0\system_wrapper_bd.bmm.
14:44:52 INFO  : Copied contents of D:\duc\freelancer\8_2015\Moore\Moore_Voting_v3\Moore_Voting.sdk\SDK\SDK_Export\hw\ps7_init.c into \hw_platform_0\ps7_init.c.
14:44:52 INFO  : Copied contents of D:\duc\freelancer\8_2015\Moore\Moore_Voting_v3\Moore_Voting.sdk\SDK\SDK_Export\hw\ps7_init.h into \hw_platform_0\ps7_init.h.
14:44:52 INFO  : Copied contents of D:\duc\freelancer\8_2015\Moore\Moore_Voting_v3\Moore_Voting.sdk\SDK\SDK_Export\hw\ps7_init.html into \hw_platform_0\ps7_init.html.
14:44:52 INFO  : Copied contents of D:\duc\freelancer\8_2015\Moore\Moore_Voting_v3\Moore_Voting.sdk\SDK\SDK_Export\hw\ps7_init.tcl into \hw_platform_0\ps7_init.tcl.
14:44:53 WARN  :  [Hsm 55-1607] Software Repository Paths d:/duc/freelancer/8_2015/Moore_Voting_ip/ip_repo/Moore_Voting_ip_1.0 and C:/Users/PC-03/AppData/Local/Temp/../../../../../Moore_Voting_ip/ip_repo/Moore_Voting_ip_1.0 do not exist or not accessible

14:44:54 WARN  :  [Hsm 55-1607] Software Repository Paths d:/duc/freelancer/8_2015/Moore_Voting_ip/ip_repo/Moore_Voting_ip_1.0 and C:/Users/PC-03/AppData/Local/Temp/../../../../../Moore_Voting_ip/ip_repo/Moore_Voting_ip_1.0 do not exist or not accessible

14:44:54 INFO  : Synchronizing projects in the workspace with the hardware platform specification changes.
14:45:23 INFO  : 
14:45:25 INFO  : 
14:45:25 INFO  : Updating hardware inferred compiler options for Moore_Voting.
14:45:25 INFO  : Clearing existing target manager status.
14:45:28 INFO  : Workspace synchronized with the new hardware specification file. Cleaning dependent projects...
14:48:07 INFO  : FPGA configured successfully with bitstream "D:/duc/freelancer/8_2015/Moore/Moore_Voting_v3/Moore_Voting.sdk/SDK/SDK_Export/hw_platform_0/system_wrapper.bit"
14:48:09 WARN  :  [Hsm 55-1559] Software Design already exists with Name D:\duc\freelancer\8_2015\Moore_Voting\Moore_Voting.sdk\SDK\SDK_Export\Moore_Voting_bsp\system.mss

14:48:09 WARN  :  [Hsm 55-1559] Software Design already exists with Name D:\duc\freelancer\8_2015\Moore_Voting\Moore_Voting.sdk\SDK\SDK_Export\Moore_Voting_bsp\system.mss

14:48:09 WARN  :  [Hsm 55-1559] Software Design already exists with Name D:\duc\freelancer\8_2015\Moore_Voting\Moore_Voting.sdk\SDK\SDK_Export\Moore_Voting_bsp\system.mss

14:48:28 WARN  :  [Hsm 55-1559] Software Design already exists with Name D:\duc\freelancer\8_2015\Moore_Voting\Moore_Voting.sdk\SDK\SDK_Export\Moore_Voting_bsp\system.mss

14:48:28 WARN  :  [Hsm 55-1559] Software Design already exists with Name D:\duc\freelancer\8_2015\Moore_Voting\Moore_Voting.sdk\SDK\SDK_Export\Moore_Voting_bsp\system.mss

14:48:28 WARN  :  [Hsm 55-1559] Software Design already exists with Name D:\duc\freelancer\8_2015\Moore_Voting\Moore_Voting.sdk\SDK\SDK_Export\Moore_Voting_bsp\system.mss

14:48:39 INFO  : ps7_init is completed.
14:48:39 INFO  : ps7_post_config is completed.
14:48:39 INFO  : Processor reset is completed for ps7_cortexa9_0
14:51:55 WARN  :  [Hsm 55-1559] Software Design already exists with Name D:\duc\freelancer\8_2015\Moore_Voting\Moore_Voting.sdk\SDK\SDK_Export\Moore_Voting_bsp\system.mss

14:51:55 WARN  :  [Hsm 55-1559] Software Design already exists with Name D:\duc\freelancer\8_2015\Moore_Voting\Moore_Voting.sdk\SDK\SDK_Export\Moore_Voting_bsp\system.mss

14:51:55 WARN  :  [Hsm 55-1559] Software Design already exists with Name D:\duc\freelancer\8_2015\Moore_Voting\Moore_Voting.sdk\SDK\SDK_Export\Moore_Voting_bsp\system.mss

14:51:55 WARN  :  [Hsm 55-1559] Software Design already exists with Name D:\duc\freelancer\8_2015\Moore_Voting\Moore_Voting.sdk\SDK\SDK_Export\Moore_Voting_bsp\system.mss

14:51:55 WARN  :  [Hsm 55-1559] Software Design already exists with Name D:\duc\freelancer\8_2015\Moore_Voting\Moore_Voting.sdk\SDK\SDK_Export\Moore_Voting_bsp\system.mss

14:51:55 WARN  :  [Hsm 55-1559] Software Design already exists with Name D:\duc\freelancer\8_2015\Moore_Voting\Moore_Voting.sdk\SDK\SDK_Export\Moore_Voting_bsp\system.mss

14:52:13 WARN  :  [Hsm 55-1559] Software Design already exists with Name D:\duc\freelancer\8_2015\Moore_Voting\Moore_Voting.sdk\SDK\SDK_Export\Moore_Voting_bsp\system.mss

14:52:13 WARN  :  [Hsm 55-1559] Software Design already exists with Name D:\duc\freelancer\8_2015\Moore_Voting\Moore_Voting.sdk\SDK\SDK_Export\Moore_Voting_bsp\system.mss

14:52:13 WARN  :  [Hsm 55-1559] Software Design already exists with Name D:\duc\freelancer\8_2015\Moore_Voting\Moore_Voting.sdk\SDK\SDK_Export\Moore_Voting_bsp\system.mss

14:52:13 WARN  :  [Hsm 55-1559] Software Design already exists with Name D:\duc\freelancer\8_2015\Moore_Voting\Moore_Voting.sdk\SDK\SDK_Export\standalone_bsp_0\system.mss

14:52:13 WARN  :  [Hsm 55-1559] Software Design already exists with Name D:\duc\freelancer\8_2015\Moore_Voting\Moore_Voting.sdk\SDK\SDK_Export\standalone_bsp_0\system.mss

14:52:13 WARN  :  [Hsm 55-1559] Software Design already exists with Name D:\duc\freelancer\8_2015\Moore_Voting\Moore_Voting.sdk\SDK\SDK_Export\standalone_bsp_0\system.mss

14:52:13 WARN  :  [Hsm 55-1559] Software Design already exists with Name D:\duc\freelancer\8_2015\Moore_Voting\Moore_Voting.sdk\SDK\SDK_Export\Moore_Voting_bsp\system.mss

14:52:13 WARN  :  [Hsm 55-1559] Software Design already exists with Name D:\duc\freelancer\8_2015\Moore_Voting\Moore_Voting.sdk\SDK\SDK_Export\Moore_Voting_bsp\system.mss

14:52:13 WARN  :  [Hsm 55-1559] Software Design already exists with Name D:\duc\freelancer\8_2015\Moore_Voting\Moore_Voting.sdk\SDK\SDK_Export\Moore_Voting_bsp\system.mss

14:52:13 WARN  :  [Hsm 55-1559] Software Design already exists with Name D:\duc\freelancer\8_2015\Moore_Voting\Moore_Voting.sdk\SDK\SDK_Export\standalone_bsp_0\system.mss

14:52:13 WARN  :  [Hsm 55-1559] Software Design already exists with Name D:\duc\freelancer\8_2015\Moore_Voting\Moore_Voting.sdk\SDK\SDK_Export\standalone_bsp_0\system.mss

14:52:13 WARN  :  [Hsm 55-1559] Software Design already exists with Name D:\duc\freelancer\8_2015\Moore_Voting\Moore_Voting.sdk\SDK\SDK_Export\standalone_bsp_0\system.mss

14:52:58 WARN  :  [Hsm 55-1559] Software Design already exists with Name D:\duc\freelancer\8_2015\Moore_Voting\Moore_Voting.sdk\SDK\SDK_Export\Moore_Voting_bsp\system.mss

14:52:58 WARN  :  [Hsm 55-1559] Software Design already exists with Name D:\duc\freelancer\8_2015\Moore_Voting\Moore_Voting.sdk\SDK\SDK_Export\Moore_Voting_bsp\system.mss

14:52:58 WARN  :  [Hsm 55-1559] Software Design already exists with Name D:\duc\freelancer\8_2015\Moore_Voting\Moore_Voting.sdk\SDK\SDK_Export\Moore_Voting_bsp\system.mss

14:52:59 WARN  :  [Hsm 55-1559] Software Design already exists with Name D:\duc\freelancer\8_2015\Moore_Voting\Moore_Voting.sdk\SDK\SDK_Export\Moore_Voting_bsp\system.mss

14:52:59 WARN  :  [Hsm 55-1559] Software Design already exists with Name D:\duc\freelancer\8_2015\Moore_Voting\Moore_Voting.sdk\SDK\SDK_Export\Moore_Voting_bsp\system.mss

14:52:59 WARN  :  [Hsm 55-1559] Software Design already exists with Name D:\duc\freelancer\8_2015\Moore_Voting\Moore_Voting.sdk\SDK\SDK_Export\Moore_Voting_bsp\system.mss

14:53:00 WARN  :  [Hsm 55-1559] Software Design already exists with Name D:\duc\freelancer\8_2015\Moore_Voting\Moore_Voting.sdk\SDK\SDK_Export\Moore_Voting_bsp\system.mss

14:53:00 WARN  :  [Hsm 55-1559] Software Design already exists with Name D:\duc\freelancer\8_2015\Moore_Voting\Moore_Voting.sdk\SDK\SDK_Export\Moore_Voting_bsp\system.mss

14:53:00 WARN  :  [Hsm 55-1559] Software Design already exists with Name D:\duc\freelancer\8_2015\Moore_Voting\Moore_Voting.sdk\SDK\SDK_Export\Moore_Voting_bsp\system.mss

14:53:27 INFO  : Processor reset is completed for ps7_cortexa9_0
14:54:33 INFO  : Processor reset is completed for ps7_cortexa9_0
14:55:07 INFO  : Processor reset is completed for ps7_cortexa9_0
14:56:09 INFO  : Processor reset is completed for ps7_cortexa9_0
14:56:30 INFO  : Processor reset is completed for ps7_cortexa9_0
15:09:47 ERROR : Checking FPGA configuration failed..Connection to Board Failed


    Unknown Error Occured
    Cable is not connected to the host

15:09:47 ERROR : Unexpected error while launching program.
com.xilinx.sdk.targetmanager.TMException: Connection to Board Failed


    Unknown Error Occured
    Cable is not connected to the host

	at com.xilinx.sdk.targetmanager.internal.TM.isFPGAConfigured(TM.java:379)
	at com.xilinx.sdk.debug.core.XilinxAppLaunchConfigurationDelegate.isFpgaConfigured(XilinxAppLaunchConfigurationDelegate.java:296)
	at com.xilinx.sdk.debug.core.XilinxAppLaunchConfigurationDelegate.launch(XilinxAppLaunchConfigurationDelegate.java:244)
	at com.xilinx.sdk.debug.ui.XilinxAppLaunchDelegateWrapper.launch(XilinxAppLaunchDelegateWrapper.java:31)
	at org.eclipse.debug.internal.core.LaunchConfiguration.launch(LaunchConfiguration.java:855)
	at org.eclipse.debug.internal.core.LaunchConfiguration.launch(LaunchConfiguration.java:704)
	at org.eclipse.debug.internal.ui.DebugUIPlugin.buildAndLaunch(DebugUIPlugin.java:1047)
	at org.eclipse.debug.internal.ui.DebugUIPlugin$8.run(DebugUIPlugin.java:1251)
	at org.eclipse.core.internal.jobs.Worker.run(Worker.java:54)
15:09:57 INFO  : FPGA configured successfully with bitstream "D:/duc/freelancer/8_2015/Moore/Moore_Voting_v3/Moore_Voting.sdk/SDK/SDK_Export/hw_platform_0/system_wrapper.bit"
15:10:10 INFO  : ps7_init is completed.
15:10:10 INFO  : ps7_post_config is completed.
15:10:10 INFO  : Processor reset is completed for ps7_cortexa9_0
15:12:58 INFO  : Processor reset is completed for ps7_cortexa9_0
15:14:09 INFO  : Processor reset is completed for ps7_cortexa9_0
15:15:10 INFO  : Processor reset is completed for ps7_cortexa9_0
15:17:45 INFO  : Processor reset is completed for ps7_cortexa9_0
15:18:15 INFO  : Processor reset is completed for ps7_cortexa9_0
15:21:36 INFO  : Processor reset is completed for ps7_cortexa9_0
15:28:47 INFO  : Processor reset is completed for ps7_cortexa9_0
15:29:18 INFO  : Processor reset is completed for ps7_cortexa9_0
15:29:43 INFO  : Processor reset is completed for ps7_cortexa9_0
15:31:22 INFO  : Processor reset is completed for ps7_cortexa9_0
15:32:31 INFO  : Processor reset is completed for ps7_cortexa9_0
15:36:43 INFO  : Processor reset is completed for ps7_cortexa9_0
15:39:57 INFO  : Processor reset is completed for ps7_cortexa9_0
15:40:11 INFO  : Processor reset is completed for ps7_cortexa9_0
15:42:28 INFO  : Processor reset is completed for ps7_cortexa9_0
15:42:36 INFO  : Processor reset is completed for ps7_cortexa9_0
16:22:37 INFO  : FPGA configured successfully with bitstream "D:/duc/freelancer/8_2015/Moore/Moore_Voting_v3/Moore_Voting.sdk/SDK/SDK_Export/hw_platform_0/system_wrapper.bit"
16:22:47 INFO  : ps7_init is completed.
16:22:47 INFO  : ps7_post_config is completed.
16:22:47 INFO  : Processor reset is completed for ps7_cortexa9_0
16:23:59 INFO  : Processor reset is completed for ps7_cortexa9_0
16:25:19 INFO  : Processor reset is completed for ps7_cortexa9_0
16:26:32 INFO  : Processor reset is completed for ps7_cortexa9_0
16:27:39 INFO  : Processor reset is completed for ps7_cortexa9_0
16:30:51 INFO  : Processor reset is completed for ps7_cortexa9_0
17:26:28 INFO  : Processor reset is completed for ps7_cortexa9_0
17:27:57 INFO  : Processor reset is completed for ps7_cortexa9_0
17:28:25 INFO  : Processor reset is completed for ps7_cortexa9_0
17:29:14 INFO  : Processor reset is completed for ps7_cortexa9_0
17:30:57 INFO  : Processor reset is completed for ps7_cortexa9_0
17:32:04 INFO  : Processor reset is completed for ps7_cortexa9_0
17:32:44 INFO  : Processor reset is completed for ps7_cortexa9_0
17:34:35 INFO  : Processor reset is completed for ps7_cortexa9_0
17:46:41 INFO  : Processor reset is completed for ps7_cortexa9_0
17:48:48 INFO  : Processor reset is completed for ps7_cortexa9_0
17:49:25 INFO  : Processor reset is completed for ps7_cortexa9_0
17:49:55 INFO  : Processor reset is completed for ps7_cortexa9_0
19:50:28 ERROR : Unexpected error while fetching XMD's response: 
java.net.SocketException: Connection reset
	at java.net.SocketInputStream.read(SocketInputStream.java:196)
	at java.net.SocketInputStream.read(SocketInputStream.java:122)
	at sun.nio.cs.StreamDecoder.readBytes(StreamDecoder.java:283)
	at sun.nio.cs.StreamDecoder.implRead(StreamDecoder.java:325)
	at sun.nio.cs.StreamDecoder.read(StreamDecoder.java:177)
	at java.io.InputStreamReader.read(InputStreamReader.java:184)
	at java.io.BufferedReader.fill(BufferedReader.java:154)
	at java.io.BufferedReader.read(BufferedReader.java:175)
	at com.xilinx.sdk.targetmanager.internal.json.XMDJSONProcess$CommandResultsReader.run(XMDJSONProcess.java:328)
	at java.lang.Thread.run(Thread.java:724)
19:50:28 ERROR : Zero sized response read from XMD. This indicates a communication error or a programming error.
12:51:09 INFO  : Processing command line option -hwspec D:/duc/freelancer/8_2015/Moore/Moore_Voting_v4/Moore_Voting.sdk/SDK/SDK_Export/hw/system.xml.
12:51:22 INFO  : The hardware specification for project 'hw_platform_0' is different from D:/duc/freelancer/8_2015/Moore/Moore_Voting_v4/Moore_Voting.sdk/SDK/SDK_Export/hw/system.xml.
12:51:22 INFO  : Copied contents of D:/duc/freelancer/8_2015/Moore/Moore_Voting_v4/Moore_Voting.sdk/SDK/SDK_Export/hw/system.xml into \hw_platform_0\system.xml.
12:51:24 INFO  : Updating .bit and .bmm files from XPS's export folder.
12:52:32 INFO  : Copied contents of D:\duc\freelancer\8_2015\Moore\Moore_Voting_v4\Moore_Voting.sdk\SDK\SDK_Export\hw\system_wrapper.bit into \hw_platform_0\system_wrapper.bit.
12:52:32 INFO  : Copied contents of D:\duc\freelancer\8_2015\Moore\Moore_Voting_v4\Moore_Voting.sdk\SDK\SDK_Export\hw\system_wrapper_bd.bmm into \hw_platform_0\system_wrapper_bd.bmm.
12:52:32 INFO  : Copied contents of D:\duc\freelancer\8_2015\Moore\Moore_Voting_v4\Moore_Voting.sdk\SDK\SDK_Export\hw\system_wrapper.bit into \hw_platform_0\system_wrapper.bit.
12:52:32 INFO  : Copied contents of D:\duc\freelancer\8_2015\Moore\Moore_Voting_v4\Moore_Voting.sdk\SDK\SDK_Export\hw\system_wrapper_bd.bmm into \hw_platform_0\system_wrapper_bd.bmm.
12:53:45 INFO  : Copied contents of D:\duc\freelancer\8_2015\Moore\Moore_Voting_v4\Moore_Voting.sdk\SDK\SDK_Export\hw\ps7_init.c into \hw_platform_0\ps7_init.c.
12:53:45 INFO  : Copied contents of D:\duc\freelancer\8_2015\Moore\Moore_Voting_v4\Moore_Voting.sdk\SDK\SDK_Export\hw\ps7_init.h into \hw_platform_0\ps7_init.h.
12:53:46 INFO  : Copied contents of D:\duc\freelancer\8_2015\Moore\Moore_Voting_v4\Moore_Voting.sdk\SDK\SDK_Export\hw\ps7_init.html into \hw_platform_0\ps7_init.html.
12:53:46 INFO  : Copied contents of D:\duc\freelancer\8_2015\Moore\Moore_Voting_v4\Moore_Voting.sdk\SDK\SDK_Export\hw\ps7_init.tcl into \hw_platform_0\ps7_init.tcl.
12:53:47 INFO  : Synchronizing projects in the workspace with the hardware platform specification changes.
12:54:33 INFO  : 
12:54:34 INFO  : 
12:54:35 INFO  : Updating hardware inferred compiler options for Moore.
12:54:35 INFO  : Clearing existing target manager status.
12:54:40 INFO  : Workspace synchronized with the new hardware specification file. Cleaning dependent projects...
12:58:10 INFO  : FPGA configured successfully with bitstream "D:/duc/freelancer/8_2015/Moore/Moore_Voting_v4/Moore_Voting.sdk/SDK/SDK_Export/hw_platform_0/system_wrapper.bit"
12:58:20 WARN  :  [Hsm 55-1559] Software Design already exists with Name D:\duc\freelancer\8_2015\Moore\Moore_Voting_v3\Moore_Voting.sdk\SDK\SDK_Export\Moore_bsp\system.mss

12:58:20 WARN  :  [Hsm 55-1559] Software Design already exists with Name D:\duc\freelancer\8_2015\Moore\Moore_Voting_v3\Moore_Voting.sdk\SDK\SDK_Export\Moore_bsp\system.mss

12:58:20 WARN  :  [Hsm 55-1559] Software Design already exists with Name D:\duc\freelancer\8_2015\Moore\Moore_Voting_v3\Moore_Voting.sdk\SDK\SDK_Export\Moore_bsp\system.mss

12:58:42 WARN  :  [Hsm 55-1559] Software Design already exists with Name D:\duc\freelancer\8_2015\Moore\Moore_Voting_v3\Moore_Voting.sdk\SDK\SDK_Export\Moore_bsp\system.mss

12:58:42 WARN  :  [Hsm 55-1559] Software Design already exists with Name D:\duc\freelancer\8_2015\Moore\Moore_Voting_v3\Moore_Voting.sdk\SDK\SDK_Export\Moore_bsp\system.mss

12:58:42 WARN  :  [Hsm 55-1559] Software Design already exists with Name D:\duc\freelancer\8_2015\Moore\Moore_Voting_v3\Moore_Voting.sdk\SDK\SDK_Export\Moore_bsp\system.mss

12:58:54 INFO  : ps7_init is completed.
12:58:54 INFO  : ps7_post_config is completed.
12:58:54 INFO  : Processor reset is completed for ps7_cortexa9_0
12:59:27 INFO  : Processor reset is completed for ps7_cortexa9_0
13:00:46 INFO  : Processor reset is completed for ps7_cortexa9_0
13:01:43 INFO  : Processor reset is completed for ps7_cortexa9_0
13:02:12 INFO  : Processor reset is completed for ps7_cortexa9_0
13:02:36 INFO  : FPGA configured successfully with bitstream "D:/duc/freelancer/8_2015/Moore/Moore_Voting_v4/Moore_Voting.sdk/SDK/SDK_Export/hw_platform_0/system_wrapper.bit"
13:02:44 INFO  : ps7_init is completed.
13:02:44 INFO  : ps7_post_config is completed.
13:02:44 INFO  : Processor reset is completed for ps7_cortexa9_0
13:03:20 INFO  : Processor reset is completed for ps7_cortexa9_0
13:03:36 INFO  : Processor reset is completed for ps7_cortexa9_0
13:04:09 INFO  : Processor reset is completed for ps7_cortexa9_0
13:04:21 INFO  : Processor reset is completed for ps7_cortexa9_0
13:04:32 INFO  : Processor reset is completed for ps7_cortexa9_0
13:04:53 INFO  : ps7_cortexa9_0 Processor is in use. Please stop existing Run or Debug sessions before launching.
13:04:56 INFO  : Processor reset is completed for ps7_cortexa9_0
13:05:12 INFO  : Processor reset is completed for ps7_cortexa9_0
13:05:32 WARN  :  [Hsm 55-1559] Software Design already exists with Name D:\duc\freelancer\8_2015\Moore\Moore_Voting_v3\Moore_Voting.sdk\SDK\SDK_Export\Moore_bsp\system.mss

13:05:32 WARN  :  [Hsm 55-1559] Software Design already exists with Name D:\duc\freelancer\8_2015\Moore\Moore_Voting_v3\Moore_Voting.sdk\SDK\SDK_Export\Moore_bsp\system.mss

13:05:32 WARN  :  [Hsm 55-1559] Software Design already exists with Name D:\duc\freelancer\8_2015\Moore\Moore_Voting_v3\Moore_Voting.sdk\SDK\SDK_Export\Moore_bsp\system.mss

13:05:32 WARN  :  [Hsm 55-1559] Software Design already exists with Name D:\duc\freelancer\8_2015\Moore\Moore_Voting_v3\Moore_Voting.sdk\SDK\SDK_Export\Moore_bsp\system.mss

13:05:32 WARN  :  [Hsm 55-1559] Software Design already exists with Name D:\duc\freelancer\8_2015\Moore\Moore_Voting_v3\Moore_Voting.sdk\SDK\SDK_Export\Moore_bsp\system.mss

13:05:32 WARN  :  [Hsm 55-1559] Software Design already exists with Name D:\duc\freelancer\8_2015\Moore\Moore_Voting_v3\Moore_Voting.sdk\SDK\SDK_Export\Moore_bsp\system.mss

13:05:32 WARN  :  [Hsm 55-1559] Software Design already exists with Name D:\duc\freelancer\8_2015\Moore\Moore_Voting_v3\Moore_Voting.sdk\SDK\SDK_Export\Moore_bsp\system.mss

13:05:32 WARN  :  [Hsm 55-1559] Software Design already exists with Name D:\duc\freelancer\8_2015\Moore\Moore_Voting_v3\Moore_Voting.sdk\SDK\SDK_Export\Moore_bsp\system.mss

13:05:32 WARN  :  [Hsm 55-1559] Software Design already exists with Name D:\duc\freelancer\8_2015\Moore\Moore_Voting_v3\Moore_Voting.sdk\SDK\SDK_Export\Moore_bsp\system.mss

13:05:39 WARN  :  [Hsm 55-1559] Software Design already exists with Name D:\duc\freelancer\8_2015\Moore\Moore_Voting_v3\Moore_Voting.sdk\SDK\SDK_Export\Moore_bsp\system.mss

13:05:39 WARN  :  [Hsm 55-1559] Software Design already exists with Name D:\duc\freelancer\8_2015\Moore\Moore_Voting_v3\Moore_Voting.sdk\SDK\SDK_Export\Moore_bsp\system.mss

13:05:39 WARN  :  [Hsm 55-1559] Software Design already exists with Name D:\duc\freelancer\8_2015\Moore\Moore_Voting_v3\Moore_Voting.sdk\SDK\SDK_Export\Moore_bsp\system.mss

13:05:43 WARN  :  [Hsm 55-1559] Software Design already exists with Name D:\duc\freelancer\8_2015\Moore\Moore_Voting_v3\Moore_Voting.sdk\SDK\SDK_Export\Moore_bsp\system.mss

13:05:43 WARN  :  [Hsm 55-1559] Software Design already exists with Name D:\duc\freelancer\8_2015\Moore\Moore_Voting_v3\Moore_Voting.sdk\SDK\SDK_Export\Moore_bsp\system.mss

13:05:43 WARN  :  [Hsm 55-1559] Software Design already exists with Name D:\duc\freelancer\8_2015\Moore\Moore_Voting_v3\Moore_Voting.sdk\SDK\SDK_Export\Moore_bsp\system.mss

13:05:46 INFO  : Processor reset is completed for ps7_cortexa9_0
13:07:29 INFO  : Processor reset is completed for ps7_cortexa9_0
13:07:51 INFO  : Processor reset is completed for ps7_cortexa9_0
13:09:05 INFO  : Processor reset is completed for ps7_cortexa9_0
13:11:04 INFO  : Processor reset is completed for ps7_cortexa9_0
13:11:23 WARN  :  [Hsm 55-1559] Software Design already exists with Name D:\duc\freelancer\8_2015\Moore\Moore_Voting_v3\Moore_Voting.sdk\SDK\SDK_Export\Moore_bsp\system.mss

13:11:23 WARN  :  [Hsm 55-1559] Software Design already exists with Name D:\duc\freelancer\8_2015\Moore\Moore_Voting_v3\Moore_Voting.sdk\SDK\SDK_Export\Moore_bsp\system.mss

13:11:23 WARN  :  [Hsm 55-1559] Software Design already exists with Name D:\duc\freelancer\8_2015\Moore\Moore_Voting_v3\Moore_Voting.sdk\SDK\SDK_Export\Moore_bsp\system.mss

13:11:23 WARN  :  [Hsm 55-1559] Software Design already exists with Name D:\duc\freelancer\8_2015\Moore\Moore_Voting_v3\Moore_Voting.sdk\SDK\SDK_Export\Moore_bsp\system.mss

13:11:23 WARN  :  [Hsm 55-1559] Software Design already exists with Name D:\duc\freelancer\8_2015\Moore\Moore_Voting_v3\Moore_Voting.sdk\SDK\SDK_Export\Moore_bsp\system.mss

13:11:23 WARN  :  [Hsm 55-1559] Software Design already exists with Name D:\duc\freelancer\8_2015\Moore\Moore_Voting_v3\Moore_Voting.sdk\SDK\SDK_Export\Moore_bsp\system.mss

13:11:23 WARN  :  [Hsm 55-1559] Software Design already exists with Name D:\duc\freelancer\8_2015\Moore\Moore_Voting_v3\Moore_Voting.sdk\SDK\SDK_Export\Moore_bsp\system.mss

13:11:23 WARN  :  [Hsm 55-1559] Software Design already exists with Name D:\duc\freelancer\8_2015\Moore\Moore_Voting_v3\Moore_Voting.sdk\SDK\SDK_Export\Moore_bsp\system.mss

13:11:23 WARN  :  [Hsm 55-1559] Software Design already exists with Name D:\duc\freelancer\8_2015\Moore\Moore_Voting_v3\Moore_Voting.sdk\SDK\SDK_Export\Moore_bsp\system.mss

13:11:28 WARN  :  [Hsm 55-1559] Software Design already exists with Name D:\duc\freelancer\8_2015\Moore\Moore_Voting_v3\Moore_Voting.sdk\SDK\SDK_Export\Moore_bsp\system.mss

13:11:28 WARN  :  [Hsm 55-1559] Software Design already exists with Name D:\duc\freelancer\8_2015\Moore\Moore_Voting_v3\Moore_Voting.sdk\SDK\SDK_Export\Moore_bsp\system.mss

13:11:28 WARN  :  [Hsm 55-1559] Software Design already exists with Name D:\duc\freelancer\8_2015\Moore\Moore_Voting_v3\Moore_Voting.sdk\SDK\SDK_Export\Moore_bsp\system.mss

13:11:28 WARN  :  [Hsm 55-1559] Software Design already exists with Name D:\duc\freelancer\8_2015\Moore\Moore_Voting_v3\Moore_Voting.sdk\SDK\SDK_Export\Moore_bsp\system.mss

13:11:28 WARN  :  [Hsm 55-1559] Software Design already exists with Name D:\duc\freelancer\8_2015\Moore\Moore_Voting_v3\Moore_Voting.sdk\SDK\SDK_Export\Moore_bsp\system.mss

13:11:28 WARN  :  [Hsm 55-1559] Software Design already exists with Name D:\duc\freelancer\8_2015\Moore\Moore_Voting_v3\Moore_Voting.sdk\SDK\SDK_Export\Moore_bsp\system.mss

13:11:32 WARN  :  [Hsm 55-1559] Software Design already exists with Name D:\duc\freelancer\8_2015\Moore\Moore_Voting_v3\Moore_Voting.sdk\SDK\SDK_Export\Moore_bsp\system.mss

13:11:32 WARN  :  [Hsm 55-1559] Software Design already exists with Name D:\duc\freelancer\8_2015\Moore\Moore_Voting_v3\Moore_Voting.sdk\SDK\SDK_Export\Moore_bsp\system.mss

13:11:32 WARN  :  [Hsm 55-1559] Software Design already exists with Name D:\duc\freelancer\8_2015\Moore\Moore_Voting_v3\Moore_Voting.sdk\SDK\SDK_Export\Moore_bsp\system.mss

13:11:32 WARN  :  [Hsm 55-1559] Software Design already exists with Name D:\duc\freelancer\8_2015\Moore\Moore_Voting_v3\Moore_Voting.sdk\SDK\SDK_Export\Moore_bsp\system.mss

13:11:32 WARN  :  [Hsm 55-1559] Software Design already exists with Name D:\duc\freelancer\8_2015\Moore\Moore_Voting_v3\Moore_Voting.sdk\SDK\SDK_Export\Moore_bsp\system.mss

13:11:32 WARN  :  [Hsm 55-1559] Software Design already exists with Name D:\duc\freelancer\8_2015\Moore\Moore_Voting_v3\Moore_Voting.sdk\SDK\SDK_Export\Moore_bsp\system.mss

13:11:35 INFO  : Processor reset is completed for ps7_cortexa9_0
13:13:31 INFO  : ps7_cortexa9_0 Processor is in use. Please stop existing Run or Debug sessions before launching.
13:13:32 INFO  : Processor reset is completed for ps7_cortexa9_0
13:14:13 INFO  : Processor reset is completed for ps7_cortexa9_0
13:14:47 INFO  : Processor reset is completed for ps7_cortexa9_0
13:14:56 INFO  : Processor reset is completed for ps7_cortexa9_0
13:15:28 INFO  : Processor reset is completed for ps7_cortexa9_0
13:15:56 INFO  : Processor reset is completed for ps7_cortexa9_0
13:16:17 INFO  : Processor reset is completed for ps7_cortexa9_0
13:17:53 INFO  : Processor reset is completed for ps7_cortexa9_0
13:18:04 INFO  : Processor reset is completed for ps7_cortexa9_0
13:18:54 INFO  : Processor reset is completed for ps7_cortexa9_0
13:19:35 INFO  : Processor reset is completed for ps7_cortexa9_0
13:20:21 INFO  : Processor reset is completed for ps7_cortexa9_0
13:20:59 INFO  : Time out for XMD transaction is 60000
If you want to increase the timeout value, goto Windows-> Preferences -> Xilinx SDK -> XMD Startup
13:20:59 ERROR : Timeout occured while waiting to get reply for command "xstop 64"
13:21:25 ERROR : Unexpected error while parsing XMD response ?: com.google.gson.JsonSyntaxException: com.google.gson.stream.MalformedJsonException: invalid number or unquoted string near 
13:21:39 INFO  : Processing command line option -hwspec D:/duc/freelancer/8_2015/Moore/Moore_Voting_v4/Moore_Voting.sdk/SDK/SDK_Export/hw/system.xml.
13:40:18 INFO  : FPGA configured successfully with bitstream "D:/duc/freelancer/8_2015/Moore/Moore_Voting_v4/Moore_Voting.sdk/SDK/SDK_Export/hw_platform_0/system_wrapper.bit"
13:41:50 INFO  : ps7_init is completed.
13:41:51 INFO  : ps7_post_config is completed.
13:41:51 INFO  : Processor reset is completed for ps7_cortexa9_0
13:42:20 INFO  : Processor reset is completed for ps7_cortexa9_0
13:44:14 INFO  : Processor reset is completed for ps7_cortexa9_0
13:44:43 INFO  : ps7_cortexa9_0 Processor is in use. Please stop existing Run or Debug sessions before launching.
13:44:46 INFO  : Processor reset is completed for ps7_cortexa9_0
13:54:47 INFO  : FPGA configured successfully with bitstream "D:/duc/freelancer/8_2015/Moore/Moore_Voting_v4/Moore_Voting.sdk/SDK/SDK_Export/hw_platform_0/system_wrapper.bit"
13:54:56 INFO  : ps7_init is completed.
13:54:56 INFO  : ps7_post_config is completed.
13:54:56 INFO  : Processor reset is completed for ps7_cortexa9_0
15:05:43 INFO  : Project hw_platform_0's source hardware specification located at D:/duc/freelancer/8_2015/Moore/Moore_Voting_v4/Moore_Voting.sdk/SDK/SDK_Export/hw/system.xml is now different from the local copy.
		 The local copy will be replaced with the source specification and your workspace will be updated.
15:05:48 INFO  : Copied contents of D:/duc/freelancer/8_2015/Moore/Moore_Voting_v4/Moore_Voting.sdk/SDK/SDK_Export/hw/system.xml into \hw_platform_0\system.xml.
15:06:36 INFO  : Copied contents of D:\duc\freelancer\8_2015\Moore\Moore_Voting_v4\Moore_Voting.sdk\SDK\SDK_Export\hw\system_wrapper.bit into \hw_platform_0\system_wrapper.bit.
15:06:36 INFO  : Copied contents of D:\duc\freelancer\8_2015\Moore\Moore_Voting_v4\Moore_Voting.sdk\SDK\SDK_Export\hw\system_wrapper_bd.bmm into \hw_platform_0\system_wrapper_bd.bmm.
15:07:09 INFO  : Copied contents of D:\duc\freelancer\8_2015\Moore\Moore_Voting_v4\Moore_Voting.sdk\SDK\SDK_Export\hw\ps7_init.c into \hw_platform_0\ps7_init.c.
15:07:09 INFO  : Copied contents of D:\duc\freelancer\8_2015\Moore\Moore_Voting_v4\Moore_Voting.sdk\SDK\SDK_Export\hw\ps7_init.h into \hw_platform_0\ps7_init.h.
15:07:09 INFO  : Copied contents of D:\duc\freelancer\8_2015\Moore\Moore_Voting_v4\Moore_Voting.sdk\SDK\SDK_Export\hw\ps7_init.html into \hw_platform_0\ps7_init.html.
15:07:09 INFO  : Copied contents of D:\duc\freelancer\8_2015\Moore\Moore_Voting_v4\Moore_Voting.sdk\SDK\SDK_Export\hw\ps7_init.tcl into \hw_platform_0\ps7_init.tcl.
15:07:11 INFO  : Synchronizing projects in the workspace with the hardware platform specification changes.
15:07:52 INFO  : 
15:07:53 INFO  : 
15:07:54 INFO  : Updating hardware inferred compiler options for Moore.
15:07:54 INFO  : Clearing existing target manager status.
15:10:37 INFO  : FPGA configured successfully with bitstream "D:/duc/freelancer/8_2015/Moore/Moore_Voting_v4/Moore_Voting.sdk/SDK/SDK_Export/hw_platform_0/system_wrapper.bit"
15:10:50 INFO  : ps7_init is completed.
15:10:50 INFO  : ps7_post_config is completed.
15:10:50 INFO  : Processor reset is completed for ps7_cortexa9_0
15:11:22 INFO  : Processor reset is completed for ps7_cortexa9_0
15:11:48 INFO  : Processor reset is completed for ps7_cortexa9_0
15:12:08 INFO  : Processor reset is completed for ps7_cortexa9_0
15:12:34 INFO  : Processor reset is completed for ps7_cortexa9_0
15:13:57 INFO  : Processor reset is completed for ps7_cortexa9_0
15:14:31 INFO  : FPGA configured successfully with bitstream "D:/duc/freelancer/8_2015/Moore/Moore_Voting_v4/Moore_Voting.sdk/SDK/SDK_Export/hw_platform_0/system_wrapper.bit"
15:14:51 INFO  : ps7_init is completed.
15:14:51 INFO  : ps7_post_config is completed.
15:14:51 INFO  : Processor reset is completed for ps7_cortexa9_0
15:25:07 INFO  : Processor reset is completed for ps7_cortexa9_0
15:25:38 INFO  : Processor reset is completed for ps7_cortexa9_0
15:25:50 INFO  : Processor reset is completed for ps7_cortexa9_0
15:26:04 INFO  : Processor reset is completed for ps7_cortexa9_0
15:28:19 INFO  : Processor reset is completed for ps7_cortexa9_0
15:34:38 INFO  : Processor reset is completed for ps7_cortexa9_0
15:36:30 INFO  : Processor reset is completed for ps7_cortexa9_0
15:37:33 INFO  : Processor reset is completed for ps7_cortexa9_0
15:40:01 INFO  : Processor reset is completed for ps7_cortexa9_0
15:41:13 INFO  : Processor reset is completed for ps7_cortexa9_0
15:41:38 INFO  : Processor reset is completed for ps7_cortexa9_0
15:42:18 INFO  : Processor reset is completed for ps7_cortexa9_0
15:43:04 INFO  : Processor reset is completed for ps7_cortexa9_0
15:44:07 INFO  : Processor reset is completed for ps7_cortexa9_0
15:49:10 INFO  : Processor reset is completed for ps7_cortexa9_0
15:53:10 INFO  : Processor reset is completed for ps7_cortexa9_0
15:55:02 INFO  : Processor reset is completed for ps7_cortexa9_0
15:56:09 INFO  : Processor reset is completed for ps7_cortexa9_0
15:56:58 INFO  : Processor reset is completed for ps7_cortexa9_0
15:57:33 INFO  : Processor reset is completed for ps7_cortexa9_0
15:58:10 INFO  : Processor reset is completed for ps7_cortexa9_0
15:59:14 INFO  : Processor reset is completed for ps7_cortexa9_0
16:11:34 INFO  : Processor reset is completed for ps7_cortexa9_0
16:24:37 INFO  : Processor reset is completed for ps7_cortexa9_0
17:10:49 INFO  : Project hw_platform_0's source hardware specification located at D:/duc/freelancer/8_2015/Moore/Moore_Voting_v4/Moore_Voting.sdk/SDK/SDK_Export/hw/system.xml is now different from the local copy.
		 The local copy will be replaced with the source specification and your workspace will be updated.
17:10:54 INFO  : Copied contents of D:/duc/freelancer/8_2015/Moore/Moore_Voting_v4/Moore_Voting.sdk/SDK/SDK_Export/hw/system.xml into \hw_platform_0\system.xml.
17:11:22 INFO  : Copied contents of D:\duc\freelancer\8_2015\Moore\Moore_Voting_v4\Moore_Voting.sdk\SDK\SDK_Export\hw\system_wrapper.bit into \hw_platform_0\system_wrapper.bit.
17:11:41 INFO  : Copied contents of D:\duc\freelancer\8_2015\Moore\Moore_Voting_v4\Moore_Voting.sdk\SDK\SDK_Export\hw\system_wrapper_bd.bmm into \hw_platform_0\system_wrapper_bd.bmm.
17:11:59 INFO  : Copied contents of D:\duc\freelancer\8_2015\Moore\Moore_Voting_v4\Moore_Voting.sdk\SDK\SDK_Export\hw\ps7_init.c into \hw_platform_0\ps7_init.c.
17:11:59 INFO  : Copied contents of D:\duc\freelancer\8_2015\Moore\Moore_Voting_v4\Moore_Voting.sdk\SDK\SDK_Export\hw\ps7_init.h into \hw_platform_0\ps7_init.h.
17:12:00 INFO  : Copied contents of D:\duc\freelancer\8_2015\Moore\Moore_Voting_v4\Moore_Voting.sdk\SDK\SDK_Export\hw\ps7_init.html into \hw_platform_0\ps7_init.html.
17:12:00 INFO  : Copied contents of D:\duc\freelancer\8_2015\Moore\Moore_Voting_v4\Moore_Voting.sdk\SDK\SDK_Export\hw\ps7_init.tcl into \hw_platform_0\ps7_init.tcl.
17:12:00 INFO  : Synchronizing projects in the workspace with the hardware platform specification changes.
17:12:21 INFO  : 
17:12:23 INFO  : 
17:12:24 INFO  : Updating hardware inferred compiler options for Moore.
17:12:24 INFO  : Clearing existing target manager status.
17:13:15 INFO  : FPGA configured successfully with bitstream "D:/duc/freelancer/8_2015/Moore/Moore_Voting_v4/Moore_Voting.sdk/SDK/SDK_Export/hw_platform_0/system_wrapper.bit"
17:13:29 INFO  : ps7_init is completed.
17:13:29 INFO  : ps7_post_config is completed.
17:13:29 INFO  : Processor reset is completed for ps7_cortexa9_0
17:15:12 INFO  : FPGA configured successfully with bitstream "D:/duc/freelancer/8_2015/Moore/Moore_Voting_v4/Moore_Voting.sdk/SDK/SDK_Export/hw_platform_0/system_wrapper.bit"
17:15:32 WARN  :  [Hsm 55-1559] Software Design already exists with Name D:\duc\freelancer\8_2015\Moore\Moore_Voting_v3\Moore_Voting.sdk\SDK\SDK_Export\Moore_bsp\system.mss

17:15:32 WARN  :  [Hsm 55-1559] Software Design already exists with Name D:\duc\freelancer\8_2015\Moore\Moore_Voting_v3\Moore_Voting.sdk\SDK\SDK_Export\Moore_bsp\system.mss

17:15:32 WARN  :  [Hsm 55-1559] Software Design already exists with Name D:\duc\freelancer\8_2015\Moore\Moore_Voting_v3\Moore_Voting.sdk\SDK\SDK_Export\Moore_bsp\system.mss

17:15:43 WARN  :  [Hsm 55-1559] Software Design already exists with Name D:\duc\freelancer\8_2015\Moore\Moore_Voting_v3\Moore_Voting.sdk\SDK\SDK_Export\Moore_bsp\system.mss

17:15:43 WARN  :  [Hsm 55-1559] Software Design already exists with Name D:\duc\freelancer\8_2015\Moore\Moore_Voting_v3\Moore_Voting.sdk\SDK\SDK_Export\Moore_bsp\system.mss

17:15:43 WARN  :  [Hsm 55-1559] Software Design already exists with Name D:\duc\freelancer\8_2015\Moore\Moore_Voting_v3\Moore_Voting.sdk\SDK\SDK_Export\Moore_bsp\system.mss

17:15:50 INFO  : ps7_init is completed.
17:15:50 INFO  : ps7_post_config is completed.
17:15:50 INFO  : Processor reset is completed for ps7_cortexa9_0
17:19:14 ERROR : Unexpected error while parsing XMD response ?: com.google.gson.JsonSyntaxException: com.google.gson.stream.MalformedJsonException: invalid number or unquoted string near 
17:20:22 INFO  : Processing command line option -hwspec D:/duc/freelancer/8_2015/Moore/Moore_Voting_v4/Moore_Voting.sdk/SDK/SDK_Export/hw/system.xml.
17:20:31 INFO  : The hardware specification for project 'hw_platform_0' is different from D:/duc/freelancer/8_2015/Moore/Moore_Voting_v4/Moore_Voting.sdk/SDK/SDK_Export/hw/system.xml.
17:20:32 INFO  : Copied contents of D:/duc/freelancer/8_2015/Moore/Moore_Voting_v4/Moore_Voting.sdk/SDK/SDK_Export/hw/system.xml into \hw_platform_0\system.xml.
17:20:53 INFO  : Copied contents of D:\duc\freelancer\8_2015\Moore\Moore_Voting_v4\Moore_Voting.sdk\SDK\SDK_Export\hw\system_wrapper.bit into \hw_platform_0\system_wrapper.bit.
17:20:53 INFO  : Copied contents of D:\duc\freelancer\8_2015\Moore\Moore_Voting_v4\Moore_Voting.sdk\SDK\SDK_Export\hw\system_wrapper_bd.bmm into \hw_platform_0\system_wrapper_bd.bmm.
17:21:12 INFO  : Copied contents of D:\duc\freelancer\8_2015\Moore\Moore_Voting_v4\Moore_Voting.sdk\SDK\SDK_Export\hw\ps7_init.c into \hw_platform_0\ps7_init.c.
17:21:12 INFO  : Copied contents of D:\duc\freelancer\8_2015\Moore\Moore_Voting_v4\Moore_Voting.sdk\SDK\SDK_Export\hw\ps7_init.h into \hw_platform_0\ps7_init.h.
17:21:12 INFO  : Copied contents of D:\duc\freelancer\8_2015\Moore\Moore_Voting_v4\Moore_Voting.sdk\SDK\SDK_Export\hw\ps7_init.html into \hw_platform_0\ps7_init.html.
17:21:12 INFO  : Copied contents of D:\duc\freelancer\8_2015\Moore\Moore_Voting_v4\Moore_Voting.sdk\SDK\SDK_Export\hw\ps7_init.tcl into \hw_platform_0\ps7_init.tcl.
17:21:13 INFO  : Synchronizing projects in the workspace with the hardware platform specification changes.
17:21:33 INFO  : 
17:21:34 INFO  : 
17:21:35 INFO  : Updating hardware inferred compiler options for Moore.
17:21:35 INFO  : Clearing existing target manager status.
17:22:37 INFO  : FPGA configured successfully with bitstream "D:/duc/freelancer/8_2015/Moore/Moore_Voting_v4/Moore_Voting.sdk/SDK/SDK_Export/hw_platform_0/system_wrapper.bit"
17:22:39 WARN  :  [Hsm 55-1559] Software Design already exists with Name D:\duc\freelancer\8_2015\Moore\Moore_Voting_v3\Moore_Voting.sdk\SDK\SDK_Export\Moore_bsp\system.mss

17:22:39 WARN  :  [Hsm 55-1559] Software Design already exists with Name D:\duc\freelancer\8_2015\Moore\Moore_Voting_v3\Moore_Voting.sdk\SDK\SDK_Export\Moore_bsp\system.mss

17:22:39 WARN  :  [Hsm 55-1559] Software Design already exists with Name D:\duc\freelancer\8_2015\Moore\Moore_Voting_v3\Moore_Voting.sdk\SDK\SDK_Export\Moore_bsp\system.mss

17:22:50 WARN  :  [Hsm 55-1559] Software Design already exists with Name D:\duc\freelancer\8_2015\Moore\Moore_Voting_v3\Moore_Voting.sdk\SDK\SDK_Export\Moore_bsp\system.mss

17:22:50 WARN  :  [Hsm 55-1559] Software Design already exists with Name D:\duc\freelancer\8_2015\Moore\Moore_Voting_v3\Moore_Voting.sdk\SDK\SDK_Export\Moore_bsp\system.mss

17:22:50 WARN  :  [Hsm 55-1559] Software Design already exists with Name D:\duc\freelancer\8_2015\Moore\Moore_Voting_v3\Moore_Voting.sdk\SDK\SDK_Export\Moore_bsp\system.mss

17:22:58 INFO  : ps7_init is completed.
17:22:58 INFO  : ps7_post_config is completed.
17:22:58 INFO  : Processor reset is completed for ps7_cortexa9_0
17:26:15 INFO  : Processor reset is completed for ps7_cortexa9_0
17:28:37 INFO  : Processor reset is completed for ps7_cortexa9_0
17:29:40 INFO  : FPGA configured successfully with bitstream "D:/duc/freelancer/8_2015/Moore/Moore_Voting_v4/Moore_Voting.sdk/SDK/SDK_Export/hw_platform_0/system_wrapper.bit"
17:29:46 INFO  : ps7_init is completed.
17:29:46 INFO  : ps7_post_config is completed.
17:29:46 INFO  : Processor reset is completed for ps7_cortexa9_0
17:30:14 INFO  : Processor reset is completed for ps7_cortexa9_0
17:32:04 INFO  : Processor reset is completed for ps7_cortexa9_0
17:32:30 INFO  : Processor reset is completed for ps7_cortexa9_0
17:32:44 INFO  : Processor reset is completed for ps7_cortexa9_0
17:32:56 INFO  : Processor reset is completed for ps7_cortexa9_0
17:33:17 INFO  : Processor reset is completed for ps7_cortexa9_0
17:33:40 INFO  : Processor reset is completed for ps7_cortexa9_0
17:33:51 INFO  : Processor reset is completed for ps7_cortexa9_0
17:34:14 INFO  : Processor reset is completed for ps7_cortexa9_0
17:34:45 INFO  : Processor reset is completed for ps7_cortexa9_0
17:35:23 INFO  : Processor reset is completed for ps7_cortexa9_0
17:35:50 INFO  : Processor reset is completed for ps7_cortexa9_0
17:38:07 INFO  : Processor reset is completed for ps7_cortexa9_0
17:38:28 INFO  : Processor reset is completed for ps7_cortexa9_0
17:38:39 INFO  : Processor reset is completed for ps7_cortexa9_0
17:39:03 INFO  : Processor reset is completed for ps7_cortexa9_0
17:39:37 INFO  : Processor reset is completed for ps7_cortexa9_0
17:40:49 INFO  : Processor reset is completed for ps7_cortexa9_0
17:47:05 INFO  : Processor reset is completed for ps7_cortexa9_0
17:47:28 INFO  : Processor reset is completed for ps7_cortexa9_0
17:47:39 INFO  : Processor reset is completed for ps7_cortexa9_0
17:47:52 INFO  : Processor reset is completed for ps7_cortexa9_0
17:48:06 INFO  : Processor reset is completed for ps7_cortexa9_0
17:48:25 INFO  : Processor reset is completed for ps7_cortexa9_0
17:48:39 INFO  : Processor reset is completed for ps7_cortexa9_0
17:48:53 INFO  : Processor reset is completed for ps7_cortexa9_0
17:48:58 WARN  :  [Hsm 55-1559] Software Design already exists with Name D:\duc\freelancer\8_2015\Moore\Moore_Voting_v3\Moore_Voting.sdk\SDK\SDK_Export\Moore_bsp\system.mss

17:48:58 WARN  :  [Hsm 55-1559] Software Design already exists with Name D:\duc\freelancer\8_2015\Moore\Moore_Voting_v3\Moore_Voting.sdk\SDK\SDK_Export\Moore_bsp\system.mss

17:48:58 WARN  :  [Hsm 55-1559] Software Design already exists with Name D:\duc\freelancer\8_2015\Moore\Moore_Voting_v3\Moore_Voting.sdk\SDK\SDK_Export\Moore_bsp\system.mss

17:48:58 WARN  :  [Hsm 55-1559] Software Design already exists with Name D:\duc\freelancer\8_2015\Moore\Moore_Voting_v3\Moore_Voting.sdk\SDK\SDK_Export\Moore_bsp\system.mss

17:48:58 WARN  :  [Hsm 55-1559] Software Design already exists with Name D:\duc\freelancer\8_2015\Moore\Moore_Voting_v3\Moore_Voting.sdk\SDK\SDK_Export\Moore_bsp\system.mss

17:48:58 WARN  :  [Hsm 55-1559] Software Design already exists with Name D:\duc\freelancer\8_2015\Moore\Moore_Voting_v3\Moore_Voting.sdk\SDK\SDK_Export\Moore_bsp\system.mss

17:48:58 WARN  :  [Hsm 55-1559] Software Design already exists with Name D:\duc\freelancer\8_2015\Moore\Moore_Voting_v3\Moore_Voting.sdk\SDK\SDK_Export\Moore_bsp\system.mss

17:48:58 WARN  :  [Hsm 55-1559] Software Design already exists with Name D:\duc\freelancer\8_2015\Moore\Moore_Voting_v3\Moore_Voting.sdk\SDK\SDK_Export\Moore_bsp\system.mss

17:48:58 WARN  :  [Hsm 55-1559] Software Design already exists with Name D:\duc\freelancer\8_2015\Moore\Moore_Voting_v3\Moore_Voting.sdk\SDK\SDK_Export\Moore_bsp\system.mss

17:49:06 WARN  :  [Hsm 55-1559] Software Design already exists with Name D:\duc\freelancer\8_2015\Moore\Moore_Voting_v3\Moore_Voting.sdk\SDK\SDK_Export\Moore_bsp\system.mss

17:49:06 WARN  :  [Hsm 55-1559] Software Design already exists with Name D:\duc\freelancer\8_2015\Moore\Moore_Voting_v3\Moore_Voting.sdk\SDK\SDK_Export\Moore_bsp\system.mss

17:49:06 WARN  :  [Hsm 55-1559] Software Design already exists with Name D:\duc\freelancer\8_2015\Moore\Moore_Voting_v3\Moore_Voting.sdk\SDK\SDK_Export\Moore_bsp\system.mss

17:49:10 INFO  : Processor reset is completed for ps7_cortexa9_0
17:49:13 WARN  :  [Hsm 55-1559] Software Design already exists with Name D:\duc\freelancer\8_2015\Moore\Moore_Voting_v3\Moore_Voting.sdk\SDK\SDK_Export\Moore_bsp\system.mss

17:49:13 WARN  :  [Hsm 55-1559] Software Design already exists with Name D:\duc\freelancer\8_2015\Moore\Moore_Voting_v3\Moore_Voting.sdk\SDK\SDK_Export\Moore_bsp\system.mss

17:49:13 WARN  :  [Hsm 55-1559] Software Design already exists with Name D:\duc\freelancer\8_2015\Moore\Moore_Voting_v3\Moore_Voting.sdk\SDK\SDK_Export\Moore_bsp\system.mss

17:51:15 WARN  :  [Hsm 55-1559] Software Design already exists with Name D:\duc\freelancer\8_2015\Moore\Moore_Voting_v3\Moore_Voting.sdk\SDK\SDK_Export\Moore_bsp\system.mss

17:51:15 WARN  :  [Hsm 55-1559] Software Design already exists with Name D:\duc\freelancer\8_2015\Moore\Moore_Voting_v3\Moore_Voting.sdk\SDK\SDK_Export\Moore_bsp\system.mss

17:51:15 WARN  :  [Hsm 55-1559] Software Design already exists with Name D:\duc\freelancer\8_2015\Moore\Moore_Voting_v3\Moore_Voting.sdk\SDK\SDK_Export\Moore_bsp\system.mss

17:51:15 WARN  :  [Hsm 55-1559] Software Design already exists with Name D:\duc\freelancer\8_2015\Moore\Moore_Voting_v3\Moore_Voting.sdk\SDK\SDK_Export\Moore_bsp\system.mss

17:51:15 WARN  :  [Hsm 55-1559] Software Design already exists with Name D:\duc\freelancer\8_2015\Moore\Moore_Voting_v3\Moore_Voting.sdk\SDK\SDK_Export\Moore_bsp\system.mss

17:51:15 WARN  :  [Hsm 55-1559] Software Design already exists with Name D:\duc\freelancer\8_2015\Moore\Moore_Voting_v3\Moore_Voting.sdk\SDK\SDK_Export\Moore_bsp\system.mss

17:51:15 WARN  :  [Hsm 55-1559] Software Design already exists with Name D:\duc\freelancer\8_2015\Moore\Moore_Voting_v3\Moore_Voting.sdk\SDK\SDK_Export\Moore_bsp\system.mss

17:51:15 WARN  :  [Hsm 55-1559] Software Design already exists with Name D:\duc\freelancer\8_2015\Moore\Moore_Voting_v3\Moore_Voting.sdk\SDK\SDK_Export\Moore_bsp\system.mss

17:51:15 WARN  :  [Hsm 55-1559] Software Design already exists with Name D:\duc\freelancer\8_2015\Moore\Moore_Voting_v3\Moore_Voting.sdk\SDK\SDK_Export\Moore_bsp\system.mss

17:51:20 WARN  :  [Hsm 55-1559] Software Design already exists with Name D:\duc\freelancer\8_2015\Moore\Moore_Voting_v3\Moore_Voting.sdk\SDK\SDK_Export\Moore_bsp\system.mss

17:51:20 WARN  :  [Hsm 55-1559] Software Design already exists with Name D:\duc\freelancer\8_2015\Moore\Moore_Voting_v3\Moore_Voting.sdk\SDK\SDK_Export\Moore_bsp\system.mss

17:51:20 WARN  :  [Hsm 55-1559] Software Design already exists with Name D:\duc\freelancer\8_2015\Moore\Moore_Voting_v3\Moore_Voting.sdk\SDK\SDK_Export\Moore_bsp\system.mss

17:51:20 WARN  :  [Hsm 55-1559] Software Design already exists with Name D:\duc\freelancer\8_2015\Moore\Moore_Voting_v3\Moore_Voting.sdk\SDK\SDK_Export\Moore_bsp\system.mss

17:51:20 WARN  :  [Hsm 55-1559] Software Design already exists with Name D:\duc\freelancer\8_2015\Moore\Moore_Voting_v3\Moore_Voting.sdk\SDK\SDK_Export\Moore_bsp\system.mss

17:51:20 WARN  :  [Hsm 55-1559] Software Design already exists with Name D:\duc\freelancer\8_2015\Moore\Moore_Voting_v3\Moore_Voting.sdk\SDK\SDK_Export\Moore_bsp\system.mss

17:51:27 WARN  :  [Hsm 55-1559] Software Design already exists with Name D:\duc\freelancer\8_2015\Moore\Moore_Voting_v3\Moore_Voting.sdk\SDK\SDK_Export\Moore_bsp\system.mss

17:51:27 WARN  :  [Hsm 55-1559] Software Design already exists with Name D:\duc\freelancer\8_2015\Moore\Moore_Voting_v3\Moore_Voting.sdk\SDK\SDK_Export\Moore_bsp\system.mss

17:51:27 WARN  :  [Hsm 55-1559] Software Design already exists with Name D:\duc\freelancer\8_2015\Moore\Moore_Voting_v3\Moore_Voting.sdk\SDK\SDK_Export\Moore_bsp\system.mss

17:51:27 WARN  :  [Hsm 55-1559] Software Design already exists with Name D:\duc\freelancer\8_2015\Moore\Moore_Voting_v3\Moore_Voting.sdk\SDK\SDK_Export\Moore_bsp\system.mss

17:51:27 WARN  :  [Hsm 55-1559] Software Design already exists with Name D:\duc\freelancer\8_2015\Moore\Moore_Voting_v3\Moore_Voting.sdk\SDK\SDK_Export\Moore_bsp\system.mss

17:51:27 WARN  :  [Hsm 55-1559] Software Design already exists with Name D:\duc\freelancer\8_2015\Moore\Moore_Voting_v3\Moore_Voting.sdk\SDK\SDK_Export\Moore_bsp\system.mss

17:51:27 INFO  : Processor reset is completed for ps7_cortexa9_0
17:51:48 WARN  :  [Hsm 55-1559] Software Design already exists with Name D:\duc\freelancer\8_2015\Moore\Moore_Voting_v3\Moore_Voting.sdk\SDK\SDK_Export\Moore_bsp\system.mss

17:51:48 WARN  :  [Hsm 55-1559] Software Design already exists with Name D:\duc\freelancer\8_2015\Moore\Moore_Voting_v3\Moore_Voting.sdk\SDK\SDK_Export\Moore_bsp\system.mss

17:51:48 WARN  :  [Hsm 55-1559] Software Design already exists with Name D:\duc\freelancer\8_2015\Moore\Moore_Voting_v3\Moore_Voting.sdk\SDK\SDK_Export\Moore_bsp\system.mss

17:51:48 WARN  :  [Hsm 55-1559] Software Design already exists with Name D:\duc\freelancer\8_2015\Moore\Moore_Voting_v3\Moore_Voting.sdk\SDK\SDK_Export\Moore_bsp\system.mss

17:51:48 WARN  :  [Hsm 55-1559] Software Design already exists with Name D:\duc\freelancer\8_2015\Moore\Moore_Voting_v3\Moore_Voting.sdk\SDK\SDK_Export\Moore_bsp\system.mss

17:51:48 WARN  :  [Hsm 55-1559] Software Design already exists with Name D:\duc\freelancer\8_2015\Moore\Moore_Voting_v3\Moore_Voting.sdk\SDK\SDK_Export\Moore_bsp\system.mss

17:51:48 WARN  :  [Hsm 55-1559] Software Design already exists with Name D:\duc\freelancer\8_2015\Moore\Moore_Voting_v3\Moore_Voting.sdk\SDK\SDK_Export\Moore_bsp\system.mss

17:51:48 WARN  :  [Hsm 55-1559] Software Design already exists with Name D:\duc\freelancer\8_2015\Moore\Moore_Voting_v3\Moore_Voting.sdk\SDK\SDK_Export\Moore_bsp\system.mss

17:51:48 WARN  :  [Hsm 55-1559] Software Design already exists with Name D:\duc\freelancer\8_2015\Moore\Moore_Voting_v3\Moore_Voting.sdk\SDK\SDK_Export\Moore_bsp\system.mss

17:51:52 WARN  :  [Hsm 55-1559] Software Design already exists with Name D:\duc\freelancer\8_2015\Moore\Moore_Voting_v3\Moore_Voting.sdk\SDK\SDK_Export\Moore_bsp\system.mss

17:51:52 WARN  :  [Hsm 55-1559] Software Design already exists with Name D:\duc\freelancer\8_2015\Moore\Moore_Voting_v3\Moore_Voting.sdk\SDK\SDK_Export\Moore_bsp\system.mss

17:51:52 WARN  :  [Hsm 55-1559] Software Design already exists with Name D:\duc\freelancer\8_2015\Moore\Moore_Voting_v3\Moore_Voting.sdk\SDK\SDK_Export\Moore_bsp\system.mss

17:51:52 WARN  :  [Hsm 55-1559] Software Design already exists with Name D:\duc\freelancer\8_2015\Moore\Moore_Voting_v3\Moore_Voting.sdk\SDK\SDK_Export\Moore_bsp\system.mss

17:51:52 WARN  :  [Hsm 55-1559] Software Design already exists with Name D:\duc\freelancer\8_2015\Moore\Moore_Voting_v3\Moore_Voting.sdk\SDK\SDK_Export\Moore_bsp\system.mss

17:51:52 WARN  :  [Hsm 55-1559] Software Design already exists with Name D:\duc\freelancer\8_2015\Moore\Moore_Voting_v3\Moore_Voting.sdk\SDK\SDK_Export\Moore_bsp\system.mss

17:51:56 INFO  : Processor reset is completed for ps7_cortexa9_0
17:52:02 WARN  :  [Hsm 55-1559] Software Design already exists with Name D:\duc\freelancer\8_2015\Moore\Moore_Voting_v3\Moore_Voting.sdk\SDK\SDK_Export\Moore_bsp\system.mss

17:52:02 WARN  :  [Hsm 55-1559] Software Design already exists with Name D:\duc\freelancer\8_2015\Moore\Moore_Voting_v3\Moore_Voting.sdk\SDK\SDK_Export\Moore_bsp\system.mss

17:52:02 WARN  :  [Hsm 55-1559] Software Design already exists with Name D:\duc\freelancer\8_2015\Moore\Moore_Voting_v3\Moore_Voting.sdk\SDK\SDK_Export\Moore_bsp\system.mss

17:52:02 WARN  :  [Hsm 55-1559] Software Design already exists with Name D:\duc\freelancer\8_2015\Moore\Moore_Voting_v3\Moore_Voting.sdk\SDK\SDK_Export\Moore_bsp\system.mss

17:52:02 WARN  :  [Hsm 55-1559] Software Design already exists with Name D:\duc\freelancer\8_2015\Moore\Moore_Voting_v3\Moore_Voting.sdk\SDK\SDK_Export\Moore_bsp\system.mss

17:52:02 WARN  :  [Hsm 55-1559] Software Design already exists with Name D:\duc\freelancer\8_2015\Moore\Moore_Voting_v3\Moore_Voting.sdk\SDK\SDK_Export\Moore_bsp\system.mss

17:52:02 WARN  :  [Hsm 55-1559] Software Design already exists with Name D:\duc\freelancer\8_2015\Moore\Moore_Voting_v3\Moore_Voting.sdk\SDK\SDK_Export\Moore_bsp\system.mss

17:52:02 WARN  :  [Hsm 55-1559] Software Design already exists with Name D:\duc\freelancer\8_2015\Moore\Moore_Voting_v3\Moore_Voting.sdk\SDK\SDK_Export\Moore_bsp\system.mss

17:52:02 WARN  :  [Hsm 55-1559] Software Design already exists with Name D:\duc\freelancer\8_2015\Moore\Moore_Voting_v3\Moore_Voting.sdk\SDK\SDK_Export\Moore_bsp\system.mss

17:52:05 WARN  :  [Hsm 55-1559] Software Design already exists with Name D:\duc\freelancer\8_2015\Moore\Moore_Voting_v3\Moore_Voting.sdk\SDK\SDK_Export\Moore_bsp\system.mss

17:52:05 WARN  :  [Hsm 55-1559] Software Design already exists with Name D:\duc\freelancer\8_2015\Moore\Moore_Voting_v3\Moore_Voting.sdk\SDK\SDK_Export\Moore_bsp\system.mss

17:52:05 WARN  :  [Hsm 55-1559] Software Design already exists with Name D:\duc\freelancer\8_2015\Moore\Moore_Voting_v3\Moore_Voting.sdk\SDK\SDK_Export\Moore_bsp\system.mss

17:52:05 WARN  :  [Hsm 55-1559] Software Design already exists with Name D:\duc\freelancer\8_2015\Moore\Moore_Voting_v3\Moore_Voting.sdk\SDK\SDK_Export\Moore_bsp\system.mss

17:52:05 WARN  :  [Hsm 55-1559] Software Design already exists with Name D:\duc\freelancer\8_2015\Moore\Moore_Voting_v3\Moore_Voting.sdk\SDK\SDK_Export\Moore_bsp\system.mss

17:52:05 WARN  :  [Hsm 55-1559] Software Design already exists with Name D:\duc\freelancer\8_2015\Moore\Moore_Voting_v3\Moore_Voting.sdk\SDK\SDK_Export\Moore_bsp\system.mss

17:52:08 WARN  :  [Hsm 55-1559] Software Design already exists with Name D:\duc\freelancer\8_2015\Moore\Moore_Voting_v3\Moore_Voting.sdk\SDK\SDK_Export\Moore_bsp\system.mss

17:52:08 WARN  :  [Hsm 55-1559] Software Design already exists with Name D:\duc\freelancer\8_2015\Moore\Moore_Voting_v3\Moore_Voting.sdk\SDK\SDK_Export\Moore_bsp\system.mss

17:52:08 WARN  :  [Hsm 55-1559] Software Design already exists with Name D:\duc\freelancer\8_2015\Moore\Moore_Voting_v3\Moore_Voting.sdk\SDK\SDK_Export\Moore_bsp\system.mss

17:52:08 WARN  :  [Hsm 55-1559] Software Design already exists with Name D:\duc\freelancer\8_2015\Moore\Moore_Voting_v3\Moore_Voting.sdk\SDK\SDK_Export\Moore_bsp\system.mss

17:52:08 WARN  :  [Hsm 55-1559] Software Design already exists with Name D:\duc\freelancer\8_2015\Moore\Moore_Voting_v3\Moore_Voting.sdk\SDK\SDK_Export\Moore_bsp\system.mss

17:52:08 WARN  :  [Hsm 55-1559] Software Design already exists with Name D:\duc\freelancer\8_2015\Moore\Moore_Voting_v3\Moore_Voting.sdk\SDK\SDK_Export\Moore_bsp\system.mss

17:52:09 INFO  : Processor reset is completed for ps7_cortexa9_0
17:54:09 INFO  : Processor reset is completed for ps7_cortexa9_0
17:55:10 INFO  : Processor reset is completed for ps7_cortexa9_0
17:55:33 INFO  : Processor reset is completed for ps7_cortexa9_0
17:55:47 INFO  : Processor reset is completed for ps7_cortexa9_0
17:59:52 INFO  : Processor reset is completed for ps7_cortexa9_0
18:00:06 INFO  : Processor reset is completed for ps7_cortexa9_0
18:02:34 INFO  : Processor reset is completed for ps7_cortexa9_0
18:11:04 INFO  : Processor reset is completed for ps7_cortexa9_0
18:14:35 INFO  : Processor reset is completed for ps7_cortexa9_0
18:15:07 INFO  : Processor reset is completed for ps7_cortexa9_0
18:16:38 INFO  : Processor reset is completed for ps7_cortexa9_0
18:17:17 INFO  : Processor reset is completed for ps7_cortexa9_0
18:19:08 INFO  : Processor reset is completed for ps7_cortexa9_0
18:20:13 INFO  : Processor reset is completed for ps7_cortexa9_0
18:21:22 INFO  : Processor reset is completed for ps7_cortexa9_0
18:21:35 INFO  : Processor reset is completed for ps7_cortexa9_0
18:22:54 INFO  : Processor reset is completed for ps7_cortexa9_0
18:23:05 INFO  : Processor reset is completed for ps7_cortexa9_0
18:23:15 INFO  : Processor reset is completed for ps7_cortexa9_0
18:23:29 INFO  : Processor reset is completed for ps7_cortexa9_0
18:23:43 INFO  : Processor reset is completed for ps7_cortexa9_0
18:23:54 INFO  : Processor reset is completed for ps7_cortexa9_0
18:26:04 INFO  : Processor reset is completed for ps7_cortexa9_0
18:26:30 INFO  : Processor reset is completed for ps7_cortexa9_0
18:26:44 INFO  : Processor reset is completed for ps7_cortexa9_0
18:26:59 INFO  : Processor reset is completed for ps7_cortexa9_0
18:27:19 INFO  : Processor reset is completed for ps7_cortexa9_0
18:27:33 INFO  : Processor reset is completed for ps7_cortexa9_0
18:27:59 INFO  : Processor reset is completed for ps7_cortexa9_0
18:28:12 INFO  : Processor reset is completed for ps7_cortexa9_0
18:28:34 INFO  : Processor reset is completed for ps7_cortexa9_0
18:28:48 INFO  : Processor reset is completed for ps7_cortexa9_0
18:29:10 INFO  : Processor reset is completed for ps7_cortexa9_0
18:29:24 INFO  : Processor reset is completed for ps7_cortexa9_0
18:29:48 INFO  : Processor reset is completed for ps7_cortexa9_0
18:30:14 INFO  : Processor reset is completed for ps7_cortexa9_0
18:30:26 INFO  : Processor reset is completed for ps7_cortexa9_0
18:30:42 INFO  : Processor reset is completed for ps7_cortexa9_0
18:31:02 INFO  : Processor reset is completed for ps7_cortexa9_0
18:31:14 INFO  : Processor reset is completed for ps7_cortexa9_0
18:33:14 INFO  : Processor reset is completed for ps7_cortexa9_0
18:33:36 INFO  : Processor reset is completed for ps7_cortexa9_0
18:33:57 INFO  : Processor reset is completed for ps7_cortexa9_0
18:34:13 INFO  : Processor reset is completed for ps7_cortexa9_0
18:34:48 INFO  : Processor reset is completed for ps7_cortexa9_0
18:35:08 INFO  : Processor reset is completed for ps7_cortexa9_0
18:35:33 INFO  : Processor reset is completed for ps7_cortexa9_0
18:35:57 INFO  : Processor reset is completed for ps7_cortexa9_0
18:36:17 INFO  : Processor reset is completed for ps7_cortexa9_0
18:36:41 INFO  : Processor reset is completed for ps7_cortexa9_0
18:37:28 INFO  : Processor reset is completed for ps7_cortexa9_0
18:37:49 INFO  : Processor reset is completed for ps7_cortexa9_0
18:38:22 INFO  : Processor reset is completed for ps7_cortexa9_0
18:38:42 INFO  : Processor reset is completed for ps7_cortexa9_0
18:39:04 INFO  : Processor reset is completed for ps7_cortexa9_0
18:39:27 INFO  : Processor reset is completed for ps7_cortexa9_0
18:39:59 INFO  : Processor reset is completed for ps7_cortexa9_0
18:40:14 INFO  : Processor reset is completed for ps7_cortexa9_0
20:35:28 INFO  : Processing command line option -hwspec D:/duc/freelancer/8_2015/Moore/Moore_Voting_v5/Moore_Voting.sdk/SDK/SDK_Export/hw/system.xml.
20:35:41 INFO  : The hardware specification for project 'hw_platform_0' is different from D:/duc/freelancer/8_2015/Moore/Moore_Voting_v5/Moore_Voting.sdk/SDK/SDK_Export/hw/system.xml.
20:35:42 INFO  : Project hw_platform_0's source hardware specification located at D:/duc/freelancer/8_2015/Moore/Moore_Voting_v5/Moore_Voting.sdk/SDK/SDK_Export/hw/system.xml is now different from the local copy.
		 The local copy will be replaced with the source specification and your workspace will be updated.
20:35:44 ERROR : Unable to save current hardware specification file in a temporary location.
20:36:02 INFO  : Copied contents of D:/duc/freelancer/8_2015/Moore/Moore_Voting_v5/Moore_Voting.sdk/SDK/SDK_Export/hw/system.xml into \hw_platform_0\system.xml.
20:36:24 INFO  : Copied contents of D:\duc\freelancer\8_2015\Moore\Moore_Voting_v5\Moore_Voting.sdk\SDK\SDK_Export\hw\system_wrapper.bit into \hw_platform_0\system_wrapper.bit.
20:36:24 INFO  : Copied contents of D:\duc\freelancer\8_2015\Moore\Moore_Voting_v5\Moore_Voting.sdk\SDK\SDK_Export\hw\system_wrapper_bd.bmm into \hw_platform_0\system_wrapper_bd.bmm.
20:36:49 INFO  : Copied contents of D:\duc\freelancer\8_2015\Moore\Moore_Voting_v5\Moore_Voting.sdk\SDK\SDK_Export\hw\ps7_init.c into \hw_platform_0\ps7_init.c.
20:36:49 INFO  : Copied contents of D:\duc\freelancer\8_2015\Moore\Moore_Voting_v5\Moore_Voting.sdk\SDK\SDK_Export\hw\ps7_init.h into \hw_platform_0\ps7_init.h.
20:36:49 INFO  : Copied contents of D:\duc\freelancer\8_2015\Moore\Moore_Voting_v5\Moore_Voting.sdk\SDK\SDK_Export\hw\ps7_init.html into \hw_platform_0\ps7_init.html.
20:36:49 INFO  : Copied contents of D:\duc\freelancer\8_2015\Moore\Moore_Voting_v5\Moore_Voting.sdk\SDK\SDK_Export\hw\ps7_init.tcl into \hw_platform_0\ps7_init.tcl.
20:36:49 INFO  : Copied contents of D:/duc/freelancer/8_2015/Moore/Moore_Voting_v5/Moore_Voting.sdk/SDK/SDK_Export/hw/system.xml into \hw_platform_0\system.xml.
20:37:14 INFO  : Copied contents of D:\duc\freelancer\8_2015\Moore\Moore_Voting_v5\Moore_Voting.sdk\SDK\SDK_Export\hw\system_wrapper.bit into \hw_platform_0\system_wrapper.bit.
20:37:14 INFO  : Copied contents of D:\duc\freelancer\8_2015\Moore\Moore_Voting_v5\Moore_Voting.sdk\SDK\SDK_Export\hw\system_wrapper_bd.bmm into \hw_platform_0\system_wrapper_bd.bmm.
20:37:37 INFO  : Copied contents of D:\duc\freelancer\8_2015\Moore\Moore_Voting_v5\Moore_Voting.sdk\SDK\SDK_Export\hw\ps7_init.c into \hw_platform_0\ps7_init.c.
20:37:37 INFO  : Copied contents of D:\duc\freelancer\8_2015\Moore\Moore_Voting_v5\Moore_Voting.sdk\SDK\SDK_Export\hw\ps7_init.h into \hw_platform_0\ps7_init.h.
20:37:37 INFO  : Copied contents of D:\duc\freelancer\8_2015\Moore\Moore_Voting_v5\Moore_Voting.sdk\SDK\SDK_Export\hw\ps7_init.html into \hw_platform_0\ps7_init.html.
20:37:37 INFO  : Copied contents of D:\duc\freelancer\8_2015\Moore\Moore_Voting_v5\Moore_Voting.sdk\SDK\SDK_Export\hw\ps7_init.tcl into \hw_platform_0\ps7_init.tcl.
20:37:38 INFO  : Synchronizing projects in the workspace with the hardware platform specification changes.
20:38:03 INFO  : 
20:38:04 INFO  : 
20:38:06 INFO  : Updating hardware inferred compiler options for Moore.
20:38:06 INFO  : Clearing existing target manager status.
20:43:05 WARN  :  [Hsm 55-1559] Software Design already exists with Name D:\duc\freelancer\8_2015\Moore\Moore_Voting_v3\Moore_Voting.sdk\SDK\SDK_Export\Moore_bsp\system.mss

20:43:05 WARN  :  [Hsm 55-1559] Software Design already exists with Name D:\duc\freelancer\8_2015\Moore\Moore_Voting_v3\Moore_Voting.sdk\SDK\SDK_Export\Moore_bsp\system.mss

20:43:05 WARN  :  [Hsm 55-1559] Software Design already exists with Name D:\duc\freelancer\8_2015\Moore\Moore_Voting_v3\Moore_Voting.sdk\SDK\SDK_Export\Moore_bsp\system.mss

20:43:30 WARN  :  [Hsm 55-1559] Software Design already exists with Name D:\duc\freelancer\8_2015\Moore\Moore_Voting_v3\Moore_Voting.sdk\SDK\SDK_Export\Moore_bsp\system.mss

20:43:30 WARN  :  [Hsm 55-1559] Software Design already exists with Name D:\duc\freelancer\8_2015\Moore\Moore_Voting_v3\Moore_Voting.sdk\SDK\SDK_Export\Moore_bsp\system.mss

20:43:30 WARN  :  [Hsm 55-1559] Software Design already exists with Name D:\duc\freelancer\8_2015\Moore\Moore_Voting_v3\Moore_Voting.sdk\SDK\SDK_Export\Moore_bsp\system.mss

20:46:20 WARN  :  [Hsm 55-1559] Software Design already exists with Name D:\duc\freelancer\8_2015\Moore\Moore_Voting_v3\Moore_Voting.sdk\SDK\SDK_Export\Moore_bsp\system.mss

20:46:20 WARN  :  [Hsm 55-1559] Software Design already exists with Name D:\duc\freelancer\8_2015\Moore\Moore_Voting_v3\Moore_Voting.sdk\SDK\SDK_Export\Moore_bsp\system.mss

20:46:20 WARN  :  [Hsm 55-1559] Software Design already exists with Name D:\duc\freelancer\8_2015\Moore\Moore_Voting_v3\Moore_Voting.sdk\SDK\SDK_Export\Moore_bsp\system.mss

20:46:24 WARN  :  [Hsm 55-1559] Software Design already exists with Name D:\duc\freelancer\8_2015\Moore\Moore_Voting_v3\Moore_Voting.sdk\SDK\SDK_Export\Moore_bsp\system.mss

20:46:24 WARN  :  [Hsm 55-1559] Software Design already exists with Name D:\duc\freelancer\8_2015\Moore\Moore_Voting_v3\Moore_Voting.sdk\SDK\SDK_Export\Moore_bsp\system.mss

20:46:24 WARN  :  [Hsm 55-1559] Software Design already exists with Name D:\duc\freelancer\8_2015\Moore\Moore_Voting_v3\Moore_Voting.sdk\SDK\SDK_Export\Moore_bsp\system.mss

20:46:25 ERROR : Unexpected error while parsing XMD response ?: com.google.gson.JsonSyntaxException: com.google.gson.stream.MalformedJsonException: invalid number or unquoted string near 
